may 28, 2025 6:08:08 P. M. es.etg.smr.carreracamellos.servidor.mvc.utilidades.LogCamellos log
INFO: Servidor iniciado en el puerto 3009
may 28, 2025 6:09:01 P. M. es.etg.smr.carreracamellos.servidor.mvc.utilidades.LogCamellos log
INFO: Jugador conectado: Jugador_a1cfa322
may 28, 2025 6:09:11 P. M. es.etg.smr.carreracamellos.servidor.mvc.utilidades.LogCamellos log
INFO: Jugador conectado: Jugador_086cfc38
may 28, 2025 6:09:11 P. M. es.etg.smr.carreracamellos.servidor.mvc.utilidades.LogCamellos log
INFO: Jugador_a1cfa322 avanza 7 puntos. Total acumulado: 7
may 28, 2025 6:09:11 P. M. es.etg.smr.carreracamellos.servidor.mvc.utilidades.LogCamellos log
INFO: Jugador_086cfc38 avanza 3 puntos. Total acumulado: 3
may 28, 2025 6:09:12 P. M. es.etg.smr.carreracamellos.servidor.mvc.utilidades.LogCamellos log
INFO: Jugador_a1cfa322 avanza 5 puntos. Total acumulado: 12
may 28, 2025 6:09:12 P. M. es.etg.smr.carreracamellos.servidor.mvc.utilidades.LogCamellos log
INFO: Jugador_086cfc38 avanza 5 puntos. Total acumulado: 8
may 28, 2025 6:09:12 P. M. es.etg.smr.carreracamellos.servidor.mvc.utilidades.LogCamellos log
INFO: Jugador_a1cfa322 avanza 3 puntos. Total acumulado: 15
may 28, 2025 6:09:13 P. M. es.etg.smr.carreracamellos.servidor.mvc.utilidades.LogCamellos log
INFO: Jugador_086cfc38 avanza 9 puntos. Total acumulado: 17
may 28, 2025 6:09:13 P. M. es.etg.smr.carreracamellos.servidor.mvc.utilidades.LogCamellos log
INFO: Jugador_a1cfa322 avanza 9 puntos. Total acumulado: 24
may 28, 2025 6:09:13 P. M. es.etg.smr.carreracamellos.servidor.mvc.utilidades.LogCamellos log
INFO: Jugador_086cfc38 avanza 1 puntos. Total acumulado: 18
may 28, 2025 6:09:13 P. M. es.etg.smr.carreracamellos.servidor.mvc.utilidades.LogCamellos log
INFO: Jugador_a1cfa322 avanza 7 puntos. Total acumulado: 31
may 28, 2025 6:09:14 P. M. es.etg.smr.carreracamellos.servidor.mvc.utilidades.LogCamellos log
INFO: Jugador_086cfc38 avanza 10 puntos. Total acumulado: 28
may 28, 2025 6:09:14 P. M. es.etg.smr.carreracamellos.servidor.mvc.utilidades.LogCamellos log
INFO: Jugador_a1cfa322 avanza 8 puntos. Total acumulado: 39
may 28, 2025 6:09:14 P. M. es.etg.smr.carreracamellos.servidor.mvc.utilidades.LogCamellos log
INFO: Jugador_086cfc38 avanza 7 puntos. Total acumulado: 35
may 28, 2025 6:09:15 P. M. es.etg.smr.carreracamellos.servidor.mvc.utilidades.LogCamellos log
INFO: Jugador_a1cfa322 avanza 5 puntos. Total acumulado: 44
may 28, 2025 6:09:15 P. M. es.etg.smr.carreracamellos.servidor.mvc.utilidades.LogCamellos log
INFO: Jugador_086cfc38 avanza 2 puntos. Total acumulado: 37
may 28, 2025 6:09:15 P. M. es.etg.smr.carreracamellos.servidor.mvc.utilidades.LogCamellos log
INFO: Jugador_a1cfa322 avanza 4 puntos. Total acumulado: 48
may 28, 2025 6:09:16 P. M. es.etg.smr.carreracamellos.servidor.mvc.utilidades.LogCamellos log
INFO: Jugador_086cfc38 avanza 5 puntos. Total acumulado: 42
may 28, 2025 6:09:16 P. M. es.etg.smr.carreracamellos.servidor.mvc.utilidades.LogCamellos log
INFO: Jugador_a1cfa322 avanza 5 puntos. Total acumulado: 53
may 28, 2025 6:09:16 P. M. es.etg.smr.carreracamellos.servidor.mvc.utilidades.LogCamellos log
INFO: Jugador_086cfc38 avanza 7 puntos. Total acumulado: 49
may 28, 2025 6:09:17 P. M. es.etg.smr.carreracamellos.servidor.mvc.utilidades.LogCamellos log
INFO: Jugador_a1cfa322 avanza 2 puntos. Total acumulado: 55
may 28, 2025 6:09:17 P. M. es.etg.smr.carreracamellos.servidor.mvc.utilidades.LogCamellos log
INFO: Jugador_086cfc38 avanza 2 puntos. Total acumulado: 51
may 28, 2025 6:09:17 P. M. es.etg.smr.carreracamellos.servidor.mvc.utilidades.LogCamellos log
INFO: Jugador_a1cfa322 avanza 5 puntos. Total acumulado: 60
may 28, 2025 6:09:17 P. M. es.etg.smr.carreracamellos.servidor.mvc.utilidades.LogCamellos log
INFO: Jugador_086cfc38 avanza 10 puntos. Total acumulado: 61
may 28, 2025 6:09:18 P. M. es.etg.smr.carreracamellos.servidor.mvc.utilidades.LogCamellos log
INFO: Jugador_a1cfa322 avanza 2 puntos. Total acumulado: 62
may 28, 2025 6:09:18 P. M. es.etg.smr.carreracamellos.servidor.mvc.utilidades.LogCamellos log
INFO: Jugador_086cfc38 avanza 5 puntos. Total acumulado: 66
may 28, 2025 6:09:18 P. M. es.etg.smr.carreracamellos.servidor.mvc.utilidades.LogCamellos log
INFO: Jugador_a1cfa322 avanza 2 puntos. Total acumulado: 64
may 28, 2025 6:09:19 P. M. es.etg.smr.carreracamellos.servidor.mvc.utilidades.LogCamellos log
INFO: Jugador_086cfc38 avanza 6 puntos. Total acumulado: 72
may 28, 2025 6:09:19 P. M. es.etg.smr.carreracamellos.servidor.mvc.utilidades.LogCamellos log
INFO: Jugador_a1cfa322 avanza 7 puntos. Total acumulado: 71
may 28, 2025 6:09:19 P. M. es.etg.smr.carreracamellos.servidor.mvc.utilidades.LogCamellos log
INFO: Jugador_086cfc38 avanza 6 puntos. Total acumulado: 78
may 28, 2025 6:09:20 P. M. es.etg.smr.carreracamellos.servidor.mvc.utilidades.LogCamellos log
INFO: Jugador_a1cfa322 avanza 4 puntos. Total acumulado: 75
may 28, 2025 6:09:20 P. M. es.etg.smr.carreracamellos.servidor.mvc.utilidades.LogCamellos log
INFO: Jugador_086cfc38 avanza 2 puntos. Total acumulado: 80
may 28, 2025 6:09:20 P. M. es.etg.smr.carreracamellos.servidor.mvc.utilidades.LogCamellos log
INFO: Jugador_a1cfa322 avanza 8 puntos. Total acumulado: 83
may 28, 2025 6:09:20 P. M. es.etg.smr.carreracamellos.servidor.mvc.utilidades.LogCamellos log
INFO: Jugador_086cfc38 avanza 6 puntos. Total acumulado: 86
may 28, 2025 6:09:21 P. M. es.etg.smr.carreracamellos.servidor.mvc.utilidades.LogCamellos log
INFO: Jugador_a1cfa322 avanza 9 puntos. Total acumulado: 92
may 28, 2025 6:09:21 P. M. es.etg.smr.carreracamellos.servidor.mvc.utilidades.LogCamellos log
INFO: Jugador_086cfc38 avanza 1 puntos. Total acumulado: 87
may 28, 2025 6:09:21 P. M. es.etg.smr.carreracamellos.servidor.mvc.utilidades.LogCamellos log
INFO: Jugador_a1cfa322 avanza 1 puntos. Total acumulado: 93
may 28, 2025 6:09:22 P. M. es.etg.smr.carreracamellos.servidor.mvc.utilidades.LogCamellos log
INFO: Jugador_086cfc38 avanza 3 puntos. Total acumulado: 90
may 28, 2025 6:09:22 P. M. es.etg.smr.carreracamellos.servidor.mvc.utilidades.LogCamellos log
INFO: Jugador_a1cfa322 avanza 7 puntos. Total acumulado: 100
may 28, 2025 10:49:11 P. M. es.etg.smr.carreracamellos.servidor.mvc.utilidades.LogCamellos log
INFO: Servidor iniciado en el puerto 3009
may 28, 2025 11:00:16 P. M. es.etg.smr.carreracamellos.servidor.mvc.utilidades.LogCamellos log
INFO: Servidor iniciado en el puerto 3009
may 28, 2025 11:36:52 P. M. es.etg.smr.carreracamellos.servidor.mvc.utilidades.LogCamellos log
INFO: Jugador conectado: sara
may 28, 2025 11:37:32 P. M. es.etg.smr.carreracamellos.servidor.mvc.utilidades.LogCamellos log
INFO: Jugador conectado: lucia
may 28, 2025 11:37:32 P. M. es.etg.smr.carreracamellos.servidor.mvc.utilidades.LogCamellos log
INFO: sara avanza 8 puntos. Total acumulado: 8
may 28, 2025 11:37:33 P. M. es.etg.smr.carreracamellos.servidor.mvc.utilidades.LogCamellos log
INFO: lucia avanza 6 puntos. Total acumulado: 6
may 28, 2025 11:37:33 P. M. es.etg.smr.carreracamellos.servidor.mvc.utilidades.LogCamellos log
INFO: sara avanza 2 puntos. Total acumulado: 10
may 28, 2025 11:37:33 P. M. es.etg.smr.carreracamellos.servidor.mvc.utilidades.LogCamellos log
INFO: lucia avanza 9 puntos. Total acumulado: 15
may 28, 2025 11:37:34 P. M. es.etg.smr.carreracamellos.servidor.mvc.utilidades.LogCamellos log
INFO: sara avanza 8 puntos. Total acumulado: 18
may 28, 2025 11:37:34 P. M. es.etg.smr.carreracamellos.servidor.mvc.utilidades.LogCamellos log
INFO: lucia avanza 5 puntos. Total acumulado: 20
may 28, 2025 11:37:34 P. M. es.etg.smr.carreracamellos.servidor.mvc.utilidades.LogCamellos log
INFO: sara avanza 7 puntos. Total acumulado: 25
may 28, 2025 11:37:35 P. M. es.etg.smr.carreracamellos.servidor.mvc.utilidades.LogCamellos log
INFO: lucia avanza 6 puntos. Total acumulado: 26
may 28, 2025 11:37:35 P. M. es.etg.smr.carreracamellos.servidor.mvc.utilidades.LogCamellos log
INFO: sara avanza 6 puntos. Total acumulado: 31
may 28, 2025 11:37:35 P. M. es.etg.smr.carreracamellos.servidor.mvc.utilidades.LogCamellos log
INFO: lucia avanza 9 puntos. Total acumulado: 35
may 28, 2025 11:37:35 P. M. es.etg.smr.carreracamellos.servidor.mvc.utilidades.LogCamellos log
INFO: sara avanza 2 puntos. Total acumulado: 33
may 28, 2025 11:37:36 P. M. es.etg.smr.carreracamellos.servidor.mvc.utilidades.LogCamellos log
INFO: lucia avanza 7 puntos. Total acumulado: 42
may 28, 2025 11:37:36 P. M. es.etg.smr.carreracamellos.servidor.mvc.utilidades.LogCamellos log
INFO: sara avanza 1 puntos. Total acumulado: 34
may 28, 2025 11:37:36 P. M. es.etg.smr.carreracamellos.servidor.mvc.utilidades.LogCamellos log
INFO: lucia avanza 4 puntos. Total acumulado: 46
may 28, 2025 11:37:37 P. M. es.etg.smr.carreracamellos.servidor.mvc.utilidades.LogCamellos log
INFO: sara avanza 5 puntos. Total acumulado: 39
may 28, 2025 11:37:37 P. M. es.etg.smr.carreracamellos.servidor.mvc.utilidades.LogCamellos log
INFO: lucia avanza 5 puntos. Total acumulado: 51
may 28, 2025 11:37:37 P. M. es.etg.smr.carreracamellos.servidor.mvc.utilidades.LogCamellos log
INFO: sara avanza 2 puntos. Total acumulado: 41
may 28, 2025 11:37:38 P. M. es.etg.smr.carreracamellos.servidor.mvc.utilidades.LogCamellos log
INFO: lucia avanza 9 puntos. Total acumulado: 60
may 28, 2025 11:37:38 P. M. es.etg.smr.carreracamellos.servidor.mvc.utilidades.LogCamellos log
INFO: sara avanza 4 puntos. Total acumulado: 45
may 28, 2025 11:37:38 P. M. es.etg.smr.carreracamellos.servidor.mvc.utilidades.LogCamellos log
INFO: lucia avanza 6 puntos. Total acumulado: 66
may 28, 2025 11:37:38 P. M. es.etg.smr.carreracamellos.servidor.mvc.utilidades.LogCamellos log
INFO: sara avanza 7 puntos. Total acumulado: 52
may 28, 2025 11:37:39 P. M. es.etg.smr.carreracamellos.servidor.mvc.utilidades.LogCamellos log
INFO: lucia avanza 3 puntos. Total acumulado: 69
may 28, 2025 11:37:39 P. M. es.etg.smr.carreracamellos.servidor.mvc.utilidades.LogCamellos log
INFO: sara avanza 7 puntos. Total acumulado: 59
may 28, 2025 11:37:39 P. M. es.etg.smr.carreracamellos.servidor.mvc.utilidades.LogCamellos log
INFO: lucia avanza 7 puntos. Total acumulado: 76
may 28, 2025 11:37:40 P. M. es.etg.smr.carreracamellos.servidor.mvc.utilidades.LogCamellos log
INFO: sara avanza 2 puntos. Total acumulado: 61
may 28, 2025 11:37:40 P. M. es.etg.smr.carreracamellos.servidor.mvc.utilidades.LogCamellos log
INFO: lucia avanza 7 puntos. Total acumulado: 83
may 28, 2025 11:37:40 P. M. es.etg.smr.carreracamellos.servidor.mvc.utilidades.LogCamellos log
INFO: sara avanza 9 puntos. Total acumulado: 70
may 28, 2025 11:37:41 P. M. es.etg.smr.carreracamellos.servidor.mvc.utilidades.LogCamellos log
INFO: lucia avanza 6 puntos. Total acumulado: 89
may 28, 2025 11:37:41 P. M. es.etg.smr.carreracamellos.servidor.mvc.utilidades.LogCamellos log
INFO: sara avanza 10 puntos. Total acumulado: 80
may 28, 2025 11:37:41 P. M. es.etg.smr.carreracamellos.servidor.mvc.utilidades.LogCamellos log
INFO: lucia avanza 6 puntos. Total acumulado: 95
may 28, 2025 11:37:42 P. M. es.etg.smr.carreracamellos.servidor.mvc.utilidades.LogCamellos log
INFO: sara avanza 5 puntos. Total acumulado: 85
may 28, 2025 11:37:42 P. M. es.etg.smr.carreracamellos.servidor.mvc.utilidades.LogCamellos log
INFO: lucia avanza 6 puntos. Total acumulado: 101
may 28, 2025 11:39:24 P. M. es.etg.smr.carreracamellos.servidor.mvc.utilidades.LogCamellos log
INFO: Jugador conectado: sdesa
may 28, 2025 11:39:50 P. M. es.etg.smr.carreracamellos.servidor.mvc.utilidades.LogCamellos log
INFO: Jugador conectado: pepe
may 28, 2025 11:39:50 P. M. es.etg.smr.carreracamellos.servidor.mvc.utilidades.LogCamellos log
INFO: sdesa avanza 8 puntos. Total acumulado: 8
may 28, 2025 11:39:50 P. M. es.etg.smr.carreracamellos.servidor.mvc.utilidades.LogCamellos log
INFO: pepe avanza 4 puntos. Total acumulado: 4
may 28, 2025 11:39:51 P. M. es.etg.smr.carreracamellos.servidor.mvc.utilidades.LogCamellos log
INFO: sdesa avanza 5 puntos. Total acumulado: 13
may 28, 2025 11:39:51 P. M. es.etg.smr.carreracamellos.servidor.mvc.utilidades.LogCamellos log
INFO: pepe avanza 10 puntos. Total acumulado: 14
may 28, 2025 11:39:51 P. M. es.etg.smr.carreracamellos.servidor.mvc.utilidades.LogCamellos log
INFO: sdesa avanza 4 puntos. Total acumulado: 17
may 28, 2025 11:39:51 P. M. es.etg.smr.carreracamellos.servidor.mvc.utilidades.LogCamellos log
INFO: pepe avanza 7 puntos. Total acumulado: 21
may 28, 2025 11:39:52 P. M. es.etg.smr.carreracamellos.servidor.mvc.utilidades.LogCamellos log
INFO: sdesa avanza 1 puntos. Total acumulado: 18
may 28, 2025 11:39:52 P. M. es.etg.smr.carreracamellos.servidor.mvc.utilidades.LogCamellos log
INFO: pepe avanza 5 puntos. Total acumulado: 26
may 28, 2025 11:39:52 P. M. es.etg.smr.carreracamellos.servidor.mvc.utilidades.LogCamellos log
INFO: sdesa avanza 2 puntos. Total acumulado: 20
may 28, 2025 11:39:53 P. M. es.etg.smr.carreracamellos.servidor.mvc.utilidades.LogCamellos log
INFO: pepe avanza 6 puntos. Total acumulado: 32
may 28, 2025 11:39:53 P. M. es.etg.smr.carreracamellos.servidor.mvc.utilidades.LogCamellos log
INFO: sdesa avanza 10 puntos. Total acumulado: 30
may 28, 2025 11:39:53 P. M. es.etg.smr.carreracamellos.servidor.mvc.utilidades.LogCamellos log
INFO: pepe avanza 8 puntos. Total acumulado: 40
may 28, 2025 11:39:54 P. M. es.etg.smr.carreracamellos.servidor.mvc.utilidades.LogCamellos log
INFO: sdesa avanza 6 puntos. Total acumulado: 36
may 28, 2025 11:39:54 P. M. es.etg.smr.carreracamellos.servidor.mvc.utilidades.LogCamellos log
INFO: pepe avanza 1 puntos. Total acumulado: 41
may 28, 2025 11:39:54 P. M. es.etg.smr.carreracamellos.servidor.mvc.utilidades.LogCamellos log
INFO: sdesa avanza 8 puntos. Total acumulado: 44
may 28, 2025 11:39:55 P. M. es.etg.smr.carreracamellos.servidor.mvc.utilidades.LogCamellos log
INFO: pepe avanza 4 puntos. Total acumulado: 45
may 28, 2025 11:39:55 P. M. es.etg.smr.carreracamellos.servidor.mvc.utilidades.LogCamellos log
INFO: sdesa avanza 10 puntos. Total acumulado: 54
may 28, 2025 11:39:55 P. M. es.etg.smr.carreracamellos.servidor.mvc.utilidades.LogCamellos log
INFO: pepe avanza 10 puntos. Total acumulado: 55
may 28, 2025 11:39:55 P. M. es.etg.smr.carreracamellos.servidor.mvc.utilidades.LogCamellos log
INFO: sdesa avanza 8 puntos. Total acumulado: 62
may 28, 2025 11:39:56 P. M. es.etg.smr.carreracamellos.servidor.mvc.utilidades.LogCamellos log
INFO: pepe avanza 1 puntos. Total acumulado: 56
may 28, 2025 11:39:56 P. M. es.etg.smr.carreracamellos.servidor.mvc.utilidades.LogCamellos log
INFO: sdesa avanza 4 puntos. Total acumulado: 66
may 28, 2025 11:39:56 P. M. es.etg.smr.carreracamellos.servidor.mvc.utilidades.LogCamellos log
INFO: pepe avanza 2 puntos. Total acumulado: 58
may 28, 2025 11:39:57 P. M. es.etg.smr.carreracamellos.servidor.mvc.utilidades.LogCamellos log
INFO: sdesa avanza 2 puntos. Total acumulado: 68
may 28, 2025 11:39:57 P. M. es.etg.smr.carreracamellos.servidor.mvc.utilidades.LogCamellos log
INFO: pepe avanza 4 puntos. Total acumulado: 62
may 28, 2025 11:39:57 P. M. es.etg.smr.carreracamellos.servidor.mvc.utilidades.LogCamellos log
INFO: sdesa avanza 5 puntos. Total acumulado: 73
may 28, 2025 11:39:58 P. M. es.etg.smr.carreracamellos.servidor.mvc.utilidades.LogCamellos log
INFO: pepe avanza 8 puntos. Total acumulado: 70
may 28, 2025 11:39:58 P. M. es.etg.smr.carreracamellos.servidor.mvc.utilidades.LogCamellos log
INFO: sdesa avanza 10 puntos. Total acumulado: 83
may 28, 2025 11:39:58 P. M. es.etg.smr.carreracamellos.servidor.mvc.utilidades.LogCamellos log
INFO: pepe avanza 2 puntos. Total acumulado: 72
may 28, 2025 11:39:58 P. M. es.etg.smr.carreracamellos.servidor.mvc.utilidades.LogCamellos log
INFO: sdesa avanza 10 puntos. Total acumulado: 93
may 28, 2025 11:39:59 P. M. es.etg.smr.carreracamellos.servidor.mvc.utilidades.LogCamellos log
INFO: pepe avanza 10 puntos. Total acumulado: 82
may 28, 2025 11:39:59 P. M. es.etg.smr.carreracamellos.servidor.mvc.utilidades.LogCamellos log
INFO: sdesa avanza 10 puntos. Total acumulado: 103
may 28, 2025 11:40:46 P. M. es.etg.smr.carreracamellos.servidor.mvc.utilidades.LogCamellos log
INFO: Jugador conectado: SARA
may 28, 2025 11:41:02 P. M. es.etg.smr.carreracamellos.servidor.mvc.utilidades.LogCamellos log
INFO: Jugador conectado: SERGIO
may 28, 2025 11:41:02 P. M. es.etg.smr.carreracamellos.servidor.mvc.utilidades.LogCamellos log
INFO: SARA avanza 10 puntos. Total acumulado: 10
may 28, 2025 11:41:02 P. M. es.etg.smr.carreracamellos.servidor.mvc.utilidades.LogCamellos log
INFO: SERGIO avanza 2 puntos. Total acumulado: 2
may 28, 2025 11:41:02 P. M. es.etg.smr.carreracamellos.servidor.mvc.utilidades.LogCamellos log
INFO: SARA avanza 4 puntos. Total acumulado: 14
may 28, 2025 11:41:03 P. M. es.etg.smr.carreracamellos.servidor.mvc.utilidades.LogCamellos log
INFO: SERGIO avanza 10 puntos. Total acumulado: 12
may 28, 2025 11:41:03 P. M. es.etg.smr.carreracamellos.servidor.mvc.utilidades.LogCamellos log
INFO: SARA avanza 9 puntos. Total acumulado: 23
may 28, 2025 11:41:03 P. M. es.etg.smr.carreracamellos.servidor.mvc.utilidades.LogCamellos log
INFO: SERGIO avanza 7 puntos. Total acumulado: 19
may 28, 2025 11:41:03 P. M. es.etg.smr.carreracamellos.servidor.mvc.utilidades.LogCamellos log
INFO: SARA avanza 6 puntos. Total acumulado: 29
may 28, 2025 11:41:04 P. M. es.etg.smr.carreracamellos.servidor.mvc.utilidades.LogCamellos log
INFO: SERGIO avanza 5 puntos. Total acumulado: 24
may 28, 2025 11:41:04 P. M. es.etg.smr.carreracamellos.servidor.mvc.utilidades.LogCamellos log
INFO: SARA avanza 4 puntos. Total acumulado: 33
may 28, 2025 11:41:04 P. M. es.etg.smr.carreracamellos.servidor.mvc.utilidades.LogCamellos log
INFO: SERGIO avanza 2 puntos. Total acumulado: 26
may 28, 2025 11:41:05 P. M. es.etg.smr.carreracamellos.servidor.mvc.utilidades.LogCamellos log
INFO: SARA avanza 9 puntos. Total acumulado: 42
may 28, 2025 11:41:05 P. M. es.etg.smr.carreracamellos.servidor.mvc.utilidades.LogCamellos log
INFO: SERGIO avanza 6 puntos. Total acumulado: 32
may 28, 2025 11:41:05 P. M. es.etg.smr.carreracamellos.servidor.mvc.utilidades.LogCamellos log
INFO: SARA avanza 9 puntos. Total acumulado: 51
may 28, 2025 11:41:06 P. M. es.etg.smr.carreracamellos.servidor.mvc.utilidades.LogCamellos log
INFO: SERGIO avanza 6 puntos. Total acumulado: 38
may 28, 2025 11:41:06 P. M. es.etg.smr.carreracamellos.servidor.mvc.utilidades.LogCamellos log
INFO: SARA avanza 6 puntos. Total acumulado: 57
may 28, 2025 11:41:06 P. M. es.etg.smr.carreracamellos.servidor.mvc.utilidades.LogCamellos log
INFO: SERGIO avanza 3 puntos. Total acumulado: 41
may 28, 2025 11:41:07 P. M. es.etg.smr.carreracamellos.servidor.mvc.utilidades.LogCamellos log
INFO: SARA avanza 8 puntos. Total acumulado: 65
may 28, 2025 11:41:07 P. M. es.etg.smr.carreracamellos.servidor.mvc.utilidades.LogCamellos log
INFO: SERGIO avanza 6 puntos. Total acumulado: 47
may 28, 2025 11:41:07 P. M. es.etg.smr.carreracamellos.servidor.mvc.utilidades.LogCamellos log
INFO: SARA avanza 8 puntos. Total acumulado: 73
may 28, 2025 11:41:07 P. M. es.etg.smr.carreracamellos.servidor.mvc.utilidades.LogCamellos log
INFO: SERGIO avanza 4 puntos. Total acumulado: 51
may 28, 2025 11:41:08 P. M. es.etg.smr.carreracamellos.servidor.mvc.utilidades.LogCamellos log
INFO: SARA avanza 8 puntos. Total acumulado: 81
may 28, 2025 11:41:08 P. M. es.etg.smr.carreracamellos.servidor.mvc.utilidades.LogCamellos log
INFO: SERGIO avanza 8 puntos. Total acumulado: 59
may 28, 2025 11:41:08 P. M. es.etg.smr.carreracamellos.servidor.mvc.utilidades.LogCamellos log
INFO: SARA avanza 2 puntos. Total acumulado: 83
may 28, 2025 11:41:09 P. M. es.etg.smr.carreracamellos.servidor.mvc.utilidades.LogCamellos log
INFO: SERGIO avanza 1 puntos. Total acumulado: 60
may 28, 2025 11:41:09 P. M. es.etg.smr.carreracamellos.servidor.mvc.utilidades.LogCamellos log
INFO: SARA avanza 10 puntos. Total acumulado: 93
may 28, 2025 11:41:09 P. M. es.etg.smr.carreracamellos.servidor.mvc.utilidades.LogCamellos log
INFO: SERGIO avanza 9 puntos. Total acumulado: 69
may 28, 2025 11:41:10 P. M. es.etg.smr.carreracamellos.servidor.mvc.utilidades.LogCamellos log
INFO: SARA avanza 6 puntos. Total acumulado: 99
may 28, 2025 11:41:10 P. M. es.etg.smr.carreracamellos.servidor.mvc.utilidades.LogCamellos log
INFO: SERGIO avanza 1 puntos. Total acumulado: 70
may 28, 2025 11:41:10 P. M. es.etg.smr.carreracamellos.servidor.mvc.utilidades.LogCamellos log
INFO: SARA avanza 2 puntos. Total acumulado: 101
may 29, 2025 12:17:50 A. M. es.etg.smr.carreracamellos.servidor.mvc.utilidades.LogCamellos log
INFO: Servidor iniciado en el puerto 3009
may 29, 2025 12:40:47 A. M. es.etg.smr.carreracamellos.servidor.mvc.utilidades.LogCamellos log
INFO: Jugador conectado: null
may 29, 2025 12:40:48 A. M. es.etg.smr.carreracamellos.servidor.mvc.utilidades.LogCamellos log
INFO: Jugador conectado: null
may 29, 2025 12:40:48 A. M. es.etg.smr.carreracamellos.servidor.mvc.utilidades.LogCamellos log
INFO: null avanza 10 puntos. Total acumulado: 10
may 29, 2025 12:40:49 A. M. es.etg.smr.carreracamellos.servidor.mvc.utilidades.LogCamellos log
INFO: null avanza 8 puntos. Total acumulado: 8
may 29, 2025 12:40:49 A. M. es.etg.smr.carreracamellos.servidor.mvc.utilidades.LogCamellos log
INFO: null avanza 4 puntos. Total acumulado: 14
may 29, 2025 12:40:49 A. M. es.etg.smr.carreracamellos.servidor.mvc.utilidades.LogCamellos log
INFO: null avanza 6 puntos. Total acumulado: 14
may 29, 2025 12:40:49 A. M. es.etg.smr.carreracamellos.servidor.mvc.utilidades.LogCamellos log
INFO: null avanza 4 puntos. Total acumulado: 18
may 29, 2025 12:40:50 A. M. es.etg.smr.carreracamellos.servidor.mvc.utilidades.LogCamellos log
INFO: null avanza 2 puntos. Total acumulado: 16
may 29, 2025 12:40:50 A. M. es.etg.smr.carreracamellos.servidor.mvc.utilidades.LogCamellos log
INFO: null avanza 4 puntos. Total acumulado: 22
may 29, 2025 12:40:50 A. M. es.etg.smr.carreracamellos.servidor.mvc.utilidades.LogCamellos log
INFO: null avanza 3 puntos. Total acumulado: 19
may 29, 2025 12:40:51 A. M. es.etg.smr.carreracamellos.servidor.mvc.utilidades.LogCamellos log
INFO: null avanza 7 puntos. Total acumulado: 29
may 29, 2025 12:40:51 A. M. es.etg.smr.carreracamellos.servidor.mvc.utilidades.LogCamellos log
INFO: null avanza 7 puntos. Total acumulado: 26
may 29, 2025 12:40:51 A. M. es.etg.smr.carreracamellos.servidor.mvc.utilidades.LogCamellos log
INFO: null avanza 6 puntos. Total acumulado: 35
may 29, 2025 12:40:52 A. M. es.etg.smr.carreracamellos.servidor.mvc.utilidades.LogCamellos log
INFO: null avanza 10 puntos. Total acumulado: 36
may 29, 2025 12:40:52 A. M. es.etg.smr.carreracamellos.servidor.mvc.utilidades.LogCamellos log
INFO: null avanza 7 puntos. Total acumulado: 42
may 29, 2025 12:40:52 A. M. es.etg.smr.carreracamellos.servidor.mvc.utilidades.LogCamellos log
INFO: null avanza 3 puntos. Total acumulado: 39
may 29, 2025 12:40:53 A. M. es.etg.smr.carreracamellos.servidor.mvc.utilidades.LogCamellos log
INFO: null avanza 2 puntos. Total acumulado: 44
may 29, 2025 12:40:53 A. M. es.etg.smr.carreracamellos.servidor.mvc.utilidades.LogCamellos log
INFO: null avanza 7 puntos. Total acumulado: 46
may 29, 2025 12:40:53 A. M. es.etg.smr.carreracamellos.servidor.mvc.utilidades.LogCamellos log
INFO: null avanza 3 puntos. Total acumulado: 47
may 29, 2025 12:40:53 A. M. es.etg.smr.carreracamellos.servidor.mvc.utilidades.LogCamellos log
INFO: null avanza 7 puntos. Total acumulado: 53
may 29, 2025 12:40:54 A. M. es.etg.smr.carreracamellos.servidor.mvc.utilidades.LogCamellos log
INFO: null avanza 8 puntos. Total acumulado: 55
may 29, 2025 12:40:54 A. M. es.etg.smr.carreracamellos.servidor.mvc.utilidades.LogCamellos log
INFO: null avanza 1 puntos. Total acumulado: 54
may 29, 2025 12:40:54 A. M. es.etg.smr.carreracamellos.servidor.mvc.utilidades.LogCamellos log
INFO: null avanza 1 puntos. Total acumulado: 56
may 29, 2025 12:40:55 A. M. es.etg.smr.carreracamellos.servidor.mvc.utilidades.LogCamellos log
INFO: null avanza 10 puntos. Total acumulado: 64
may 29, 2025 12:40:55 A. M. es.etg.smr.carreracamellos.servidor.mvc.utilidades.LogCamellos log
INFO: null avanza 4 puntos. Total acumulado: 60
may 29, 2025 12:40:55 A. M. es.etg.smr.carreracamellos.servidor.mvc.utilidades.LogCamellos log
INFO: null avanza 6 puntos. Total acumulado: 70
may 29, 2025 12:40:56 A. M. es.etg.smr.carreracamellos.servidor.mvc.utilidades.LogCamellos log
INFO: null avanza 9 puntos. Total acumulado: 69
may 29, 2025 12:40:56 A. M. es.etg.smr.carreracamellos.servidor.mvc.utilidades.LogCamellos log
INFO: null avanza 5 puntos. Total acumulado: 75
may 29, 2025 12:40:56 A. M. es.etg.smr.carreracamellos.servidor.mvc.utilidades.LogCamellos log
INFO: null avanza 9 puntos. Total acumulado: 78
may 29, 2025 12:40:56 A. M. es.etg.smr.carreracamellos.servidor.mvc.utilidades.LogCamellos log
INFO: null avanza 5 puntos. Total acumulado: 80
may 29, 2025 12:40:57 A. M. es.etg.smr.carreracamellos.servidor.mvc.utilidades.LogCamellos log
INFO: null avanza 5 puntos. Total acumulado: 83
may 29, 2025 12:40:57 A. M. es.etg.smr.carreracamellos.servidor.mvc.utilidades.LogCamellos log
INFO: null avanza 1 puntos. Total acumulado: 81
may 29, 2025 12:40:57 A. M. es.etg.smr.carreracamellos.servidor.mvc.utilidades.LogCamellos log
INFO: null avanza 9 puntos. Total acumulado: 92
may 29, 2025 12:40:58 A. M. es.etg.smr.carreracamellos.servidor.mvc.utilidades.LogCamellos log
INFO: null avanza 4 puntos. Total acumulado: 85
may 29, 2025 12:40:58 A. M. es.etg.smr.carreracamellos.servidor.mvc.utilidades.LogCamellos log
INFO: null avanza 8 puntos. Total acumulado: 100
may 29, 2025 12:42:31 A. M. es.etg.smr.carreracamellos.servidor.mvc.utilidades.LogCamellos log
INFO: Jugador conectado: null
may 29, 2025 12:42:38 A. M. es.etg.smr.carreracamellos.servidor.mvc.utilidades.LogCamellos log
INFO: Jugador conectado: null
may 29, 2025 12:42:38 A. M. es.etg.smr.carreracamellos.servidor.mvc.utilidades.LogCamellos log
INFO: null avanza 4 puntos. Total acumulado: 4
may 29, 2025 12:42:38 A. M. es.etg.smr.carreracamellos.servidor.mvc.utilidades.LogCamellos log
INFO: null avanza 2 puntos. Total acumulado: 2
may 29, 2025 12:42:38 A. M. es.etg.smr.carreracamellos.servidor.mvc.utilidades.LogCamellos log
INFO: null avanza 10 puntos. Total acumulado: 14
may 29, 2025 12:42:38 A. M. es.etg.smr.carreracamellos.servidor.mvc.utilidades.LogCamellos log
INFO: null avanza 5 puntos. Total acumulado: 7
may 29, 2025 12:42:39 A. M. es.etg.smr.carreracamellos.servidor.mvc.utilidades.LogCamellos log
INFO: null avanza 10 puntos. Total acumulado: 24
may 29, 2025 12:42:39 A. M. es.etg.smr.carreracamellos.servidor.mvc.utilidades.LogCamellos log
INFO: null avanza 9 puntos. Total acumulado: 16
may 29, 2025 12:42:39 A. M. es.etg.smr.carreracamellos.servidor.mvc.utilidades.LogCamellos log
INFO: null avanza 2 puntos. Total acumulado: 26
may 29, 2025 12:42:40 A. M. es.etg.smr.carreracamellos.servidor.mvc.utilidades.LogCamellos log
INFO: null avanza 9 puntos. Total acumulado: 25
may 29, 2025 12:42:40 A. M. es.etg.smr.carreracamellos.servidor.mvc.utilidades.LogCamellos log
INFO: null avanza 3 puntos. Total acumulado: 29
may 29, 2025 12:42:40 A. M. es.etg.smr.carreracamellos.servidor.mvc.utilidades.LogCamellos log
INFO: null avanza 8 puntos. Total acumulado: 33
may 29, 2025 12:42:41 A. M. es.etg.smr.carreracamellos.servidor.mvc.utilidades.LogCamellos log
INFO: null avanza 1 puntos. Total acumulado: 30
may 29, 2025 12:42:41 A. M. es.etg.smr.carreracamellos.servidor.mvc.utilidades.LogCamellos log
INFO: null avanza 3 puntos. Total acumulado: 36
may 29, 2025 12:42:41 A. M. es.etg.smr.carreracamellos.servidor.mvc.utilidades.LogCamellos log
INFO: null avanza 10 puntos. Total acumulado: 40
may 29, 2025 12:42:42 A. M. es.etg.smr.carreracamellos.servidor.mvc.utilidades.LogCamellos log
INFO: null avanza 8 puntos. Total acumulado: 44
may 29, 2025 12:42:42 A. M. es.etg.smr.carreracamellos.servidor.mvc.utilidades.LogCamellos log
INFO: null avanza 6 puntos. Total acumulado: 46
may 29, 2025 12:42:42 A. M. es.etg.smr.carreracamellos.servidor.mvc.utilidades.LogCamellos log
INFO: null avanza 8 puntos. Total acumulado: 52
may 29, 2025 12:42:42 A. M. es.etg.smr.carreracamellos.servidor.mvc.utilidades.LogCamellos log
INFO: null avanza 2 puntos. Total acumulado: 48
may 29, 2025 12:42:43 A. M. es.etg.smr.carreracamellos.servidor.mvc.utilidades.LogCamellos log
INFO: null avanza 1 puntos. Total acumulado: 53
may 29, 2025 12:42:43 A. M. es.etg.smr.carreracamellos.servidor.mvc.utilidades.LogCamellos log
INFO: null avanza 5 puntos. Total acumulado: 53
may 29, 2025 12:42:43 A. M. es.etg.smr.carreracamellos.servidor.mvc.utilidades.LogCamellos log
INFO: null avanza 8 puntos. Total acumulado: 61
may 29, 2025 12:42:44 A. M. es.etg.smr.carreracamellos.servidor.mvc.utilidades.LogCamellos log
INFO: null avanza 5 puntos. Total acumulado: 58
may 29, 2025 12:42:44 A. M. es.etg.smr.carreracamellos.servidor.mvc.utilidades.LogCamellos log
INFO: null avanza 4 puntos. Total acumulado: 65
may 29, 2025 12:42:44 A. M. es.etg.smr.carreracamellos.servidor.mvc.utilidades.LogCamellos log
INFO: null avanza 6 puntos. Total acumulado: 64
may 29, 2025 12:42:45 A. M. es.etg.smr.carreracamellos.servidor.mvc.utilidades.LogCamellos log
INFO: null avanza 8 puntos. Total acumulado: 73
may 29, 2025 12:42:45 A. M. es.etg.smr.carreracamellos.servidor.mvc.utilidades.LogCamellos log
INFO: null avanza 7 puntos. Total acumulado: 71
may 29, 2025 12:42:45 A. M. es.etg.smr.carreracamellos.servidor.mvc.utilidades.LogCamellos log
INFO: null avanza 1 puntos. Total acumulado: 74
may 29, 2025 12:42:46 A. M. es.etg.smr.carreracamellos.servidor.mvc.utilidades.LogCamellos log
INFO: null avanza 5 puntos. Total acumulado: 76
may 29, 2025 12:42:46 A. M. es.etg.smr.carreracamellos.servidor.mvc.utilidades.LogCamellos log
INFO: null avanza 10 puntos. Total acumulado: 84
may 29, 2025 12:42:46 A. M. es.etg.smr.carreracamellos.servidor.mvc.utilidades.LogCamellos log
INFO: null avanza 3 puntos. Total acumulado: 79
may 29, 2025 12:42:46 A. M. es.etg.smr.carreracamellos.servidor.mvc.utilidades.LogCamellos log
INFO: null avanza 5 puntos. Total acumulado: 89
may 29, 2025 12:42:47 A. M. es.etg.smr.carreracamellos.servidor.mvc.utilidades.LogCamellos log
INFO: null avanza 8 puntos. Total acumulado: 87
may 29, 2025 12:42:47 A. M. es.etg.smr.carreracamellos.servidor.mvc.utilidades.LogCamellos log
INFO: null avanza 4 puntos. Total acumulado: 93
may 29, 2025 12:42:47 A. M. es.etg.smr.carreracamellos.servidor.mvc.utilidades.LogCamellos log
INFO: null avanza 1 puntos. Total acumulado: 88
may 29, 2025 12:42:48 A. M. es.etg.smr.carreracamellos.servidor.mvc.utilidades.LogCamellos log
INFO: null avanza 2 puntos. Total acumulado: 95
may 29, 2025 12:42:48 A. M. es.etg.smr.carreracamellos.servidor.mvc.utilidades.LogCamellos log
INFO: null avanza 10 puntos. Total acumulado: 98
may 29, 2025 12:42:48 A. M. es.etg.smr.carreracamellos.servidor.mvc.utilidades.LogCamellos log
INFO: null avanza 9 puntos. Total acumulado: 104
may 29, 2025 12:58:19 A. M. es.etg.smr.carreracamellos.servidor.mvc.utilidades.LogCamellos log
INFO: Servidor iniciado en el puerto 3009
may 29, 2025 12:58:51 A. M. es.etg.smr.carreracamellos.servidor.mvc.utilidades.LogCamellos log
INFO: Jugador conectado: SARA
may 29, 2025 12:59:10 A. M. es.etg.smr.carreracamellos.servidor.mvc.utilidades.LogCamellos log
INFO: Jugador conectado: SEFIO
may 29, 2025 12:59:10 A. M. es.etg.smr.carreracamellos.servidor.mvc.utilidades.LogCamellos log
INFO: SARA avanza 6 puntos. Total acumulado: 6
may 29, 2025 12:59:10 A. M. es.etg.smr.carreracamellos.servidor.mvc.utilidades.LogCamellos log
INFO: SEFIO avanza 3 puntos. Total acumulado: 3
may 29, 2025 12:59:11 A. M. es.etg.smr.carreracamellos.servidor.mvc.utilidades.LogCamellos log
INFO: SARA avanza 9 puntos. Total acumulado: 15
may 29, 2025 12:59:11 A. M. es.etg.smr.carreracamellos.servidor.mvc.utilidades.LogCamellos log
INFO: SEFIO avanza 10 puntos. Total acumulado: 13
may 29, 2025 12:59:11 A. M. es.etg.smr.carreracamellos.servidor.mvc.utilidades.LogCamellos log
INFO: SARA avanza 5 puntos. Total acumulado: 20
may 29, 2025 12:59:12 A. M. es.etg.smr.carreracamellos.servidor.mvc.utilidades.LogCamellos log
INFO: SEFIO avanza 7 puntos. Total acumulado: 20
may 29, 2025 12:59:12 A. M. es.etg.smr.carreracamellos.servidor.mvc.utilidades.LogCamellos log
INFO: SARA avanza 7 puntos. Total acumulado: 27
may 29, 2025 12:59:12 A. M. es.etg.smr.carreracamellos.servidor.mvc.utilidades.LogCamellos log
INFO: SEFIO avanza 5 puntos. Total acumulado: 25
may 29, 2025 12:59:12 A. M. es.etg.smr.carreracamellos.servidor.mvc.utilidades.LogCamellos log
INFO: SARA avanza 8 puntos. Total acumulado: 35
may 29, 2025 12:59:13 A. M. es.etg.smr.carreracamellos.servidor.mvc.utilidades.LogCamellos log
INFO: SEFIO avanza 1 puntos. Total acumulado: 26
may 29, 2025 12:59:13 A. M. es.etg.smr.carreracamellos.servidor.mvc.utilidades.LogCamellos log
INFO: SARA avanza 6 puntos. Total acumulado: 41
may 29, 2025 12:59:13 A. M. es.etg.smr.carreracamellos.servidor.mvc.utilidades.LogCamellos log
INFO: SEFIO avanza 7 puntos. Total acumulado: 33
may 29, 2025 12:59:14 A. M. es.etg.smr.carreracamellos.servidor.mvc.utilidades.LogCamellos log
INFO: SARA avanza 4 puntos. Total acumulado: 45
may 29, 2025 12:59:14 A. M. es.etg.smr.carreracamellos.servidor.mvc.utilidades.LogCamellos log
INFO: SEFIO avanza 5 puntos. Total acumulado: 38
may 29, 2025 12:59:14 A. M. es.etg.smr.carreracamellos.servidor.mvc.utilidades.LogCamellos log
INFO: SARA avanza 5 puntos. Total acumulado: 50
may 29, 2025 12:59:15 A. M. es.etg.smr.carreracamellos.servidor.mvc.utilidades.LogCamellos log
INFO: SEFIO avanza 4 puntos. Total acumulado: 42
may 29, 2025 12:59:15 A. M. es.etg.smr.carreracamellos.servidor.mvc.utilidades.LogCamellos log
INFO: SARA avanza 7 puntos. Total acumulado: 57
may 29, 2025 12:59:15 A. M. es.etg.smr.carreracamellos.servidor.mvc.utilidades.LogCamellos log
INFO: SEFIO avanza 7 puntos. Total acumulado: 49
may 29, 2025 12:59:16 A. M. es.etg.smr.carreracamellos.servidor.mvc.utilidades.LogCamellos log
INFO: SARA avanza 9 puntos. Total acumulado: 66
may 29, 2025 12:59:16 A. M. es.etg.smr.carreracamellos.servidor.mvc.utilidades.LogCamellos log
INFO: SEFIO avanza 4 puntos. Total acumulado: 53
may 29, 2025 12:59:16 A. M. es.etg.smr.carreracamellos.servidor.mvc.utilidades.LogCamellos log
INFO: SARA avanza 10 puntos. Total acumulado: 76
may 29, 2025 12:59:16 A. M. es.etg.smr.carreracamellos.servidor.mvc.utilidades.LogCamellos log
INFO: SEFIO avanza 4 puntos. Total acumulado: 57
may 29, 2025 12:59:17 A. M. es.etg.smr.carreracamellos.servidor.mvc.utilidades.LogCamellos log
INFO: SARA avanza 2 puntos. Total acumulado: 78
may 29, 2025 12:59:17 A. M. es.etg.smr.carreracamellos.servidor.mvc.utilidades.LogCamellos log
INFO: SEFIO avanza 1 puntos. Total acumulado: 58
may 29, 2025 12:59:17 A. M. es.etg.smr.carreracamellos.servidor.mvc.utilidades.LogCamellos log
INFO: SARA avanza 5 puntos. Total acumulado: 83
may 29, 2025 12:59:18 A. M. es.etg.smr.carreracamellos.servidor.mvc.utilidades.LogCamellos log
INFO: SEFIO avanza 1 puntos. Total acumulado: 59
may 29, 2025 12:59:18 A. M. es.etg.smr.carreracamellos.servidor.mvc.utilidades.LogCamellos log
INFO: SARA avanza 4 puntos. Total acumulado: 87
may 29, 2025 12:59:18 A. M. es.etg.smr.carreracamellos.servidor.mvc.utilidades.LogCamellos log
INFO: SEFIO avanza 2 puntos. Total acumulado: 61
may 29, 2025 12:59:19 A. M. es.etg.smr.carreracamellos.servidor.mvc.utilidades.LogCamellos log
INFO: SARA avanza 1 puntos. Total acumulado: 88
may 29, 2025 12:59:19 A. M. es.etg.smr.carreracamellos.servidor.mvc.utilidades.LogCamellos log
INFO: SEFIO avanza 1 puntos. Total acumulado: 62
may 29, 2025 12:59:19 A. M. es.etg.smr.carreracamellos.servidor.mvc.utilidades.LogCamellos log
INFO: SARA avanza 7 puntos. Total acumulado: 95
may 29, 2025 12:59:19 A. M. es.etg.smr.carreracamellos.servidor.mvc.utilidades.LogCamellos log
INFO: SEFIO avanza 7 puntos. Total acumulado: 69
may 29, 2025 12:59:20 A. M. es.etg.smr.carreracamellos.servidor.mvc.utilidades.LogCamellos log
INFO: SARA avanza 6 puntos. Total acumulado: 101
may 29, 2025 1:06:42 A. M. es.etg.smr.carreracamellos.servidor.mvc.utilidades.LogCamellos log
INFO: Jugador conectado: SARA
may 29, 2025 1:07:00 A. M. es.etg.smr.carreracamellos.servidor.mvc.utilidades.LogCamellos log
INFO: Jugador conectado: SERGIO
may 29, 2025 1:07:00 A. M. es.etg.smr.carreracamellos.servidor.mvc.utilidades.LogCamellos log
INFO: SARA avanza 2 puntos. Total acumulado: 2
may 29, 2025 1:07:00 A. M. es.etg.smr.carreracamellos.servidor.mvc.utilidades.LogCamellos log
INFO: SERGIO avanza 6 puntos. Total acumulado: 6
may 29, 2025 1:07:01 A. M. es.etg.smr.carreracamellos.servidor.mvc.utilidades.LogCamellos log
INFO: SARA avanza 2 puntos. Total acumulado: 4
may 29, 2025 1:07:01 A. M. es.etg.smr.carreracamellos.servidor.mvc.utilidades.LogCamellos log
INFO: SERGIO avanza 8 puntos. Total acumulado: 14
may 29, 2025 1:07:01 A. M. es.etg.smr.carreracamellos.servidor.mvc.utilidades.LogCamellos log
INFO: SARA avanza 9 puntos. Total acumulado: 13
may 29, 2025 1:07:02 A. M. es.etg.smr.carreracamellos.servidor.mvc.utilidades.LogCamellos log
INFO: SERGIO avanza 2 puntos. Total acumulado: 16
may 29, 2025 1:07:02 A. M. es.etg.smr.carreracamellos.servidor.mvc.utilidades.LogCamellos log
INFO: SARA avanza 9 puntos. Total acumulado: 22
may 29, 2025 1:07:02 A. M. es.etg.smr.carreracamellos.servidor.mvc.utilidades.LogCamellos log
INFO: SERGIO avanza 10 puntos. Total acumulado: 26
may 29, 2025 1:07:02 A. M. es.etg.smr.carreracamellos.servidor.mvc.utilidades.LogCamellos log
INFO: SARA avanza 8 puntos. Total acumulado: 30
may 29, 2025 1:07:03 A. M. es.etg.smr.carreracamellos.servidor.mvc.utilidades.LogCamellos log
INFO: SERGIO avanza 1 puntos. Total acumulado: 27
may 29, 2025 1:07:03 A. M. es.etg.smr.carreracamellos.servidor.mvc.utilidades.LogCamellos log
INFO: SARA avanza 5 puntos. Total acumulado: 35
may 29, 2025 1:07:03 A. M. es.etg.smr.carreracamellos.servidor.mvc.utilidades.LogCamellos log
INFO: SERGIO avanza 8 puntos. Total acumulado: 35
may 29, 2025 1:07:04 A. M. es.etg.smr.carreracamellos.servidor.mvc.utilidades.LogCamellos log
INFO: SARA avanza 5 puntos. Total acumulado: 40
may 29, 2025 1:07:04 A. M. es.etg.smr.carreracamellos.servidor.mvc.utilidades.LogCamellos log
INFO: SERGIO avanza 10 puntos. Total acumulado: 45
may 29, 2025 1:07:04 A. M. es.etg.smr.carreracamellos.servidor.mvc.utilidades.LogCamellos log
INFO: SARA avanza 2 puntos. Total acumulado: 42
may 29, 2025 1:07:05 A. M. es.etg.smr.carreracamellos.servidor.mvc.utilidades.LogCamellos log
INFO: SERGIO avanza 9 puntos. Total acumulado: 54
may 29, 2025 1:07:05 A. M. es.etg.smr.carreracamellos.servidor.mvc.utilidades.LogCamellos log
INFO: SARA avanza 4 puntos. Total acumulado: 46
may 29, 2025 1:07:05 A. M. es.etg.smr.carreracamellos.servidor.mvc.utilidades.LogCamellos log
INFO: SERGIO avanza 7 puntos. Total acumulado: 61
may 29, 2025 1:07:05 A. M. es.etg.smr.carreracamellos.servidor.mvc.utilidades.LogCamellos log
INFO: SARA avanza 2 puntos. Total acumulado: 48
may 29, 2025 1:07:06 A. M. es.etg.smr.carreracamellos.servidor.mvc.utilidades.LogCamellos log
INFO: SERGIO avanza 8 puntos. Total acumulado: 69
may 29, 2025 1:07:06 A. M. es.etg.smr.carreracamellos.servidor.mvc.utilidades.LogCamellos log
INFO: SARA avanza 3 puntos. Total acumulado: 51
may 29, 2025 1:07:06 A. M. es.etg.smr.carreracamellos.servidor.mvc.utilidades.LogCamellos log
INFO: SERGIO avanza 2 puntos. Total acumulado: 71
may 29, 2025 1:07:07 A. M. es.etg.smr.carreracamellos.servidor.mvc.utilidades.LogCamellos log
INFO: SARA avanza 3 puntos. Total acumulado: 54
may 29, 2025 1:07:07 A. M. es.etg.smr.carreracamellos.servidor.mvc.utilidades.LogCamellos log
INFO: SERGIO avanza 1 puntos. Total acumulado: 72
may 29, 2025 1:07:07 A. M. es.etg.smr.carreracamellos.servidor.mvc.utilidades.LogCamellos log
INFO: SARA avanza 10 puntos. Total acumulado: 64
may 29, 2025 1:07:08 A. M. es.etg.smr.carreracamellos.servidor.mvc.utilidades.LogCamellos log
INFO: SERGIO avanza 9 puntos. Total acumulado: 81
may 29, 2025 1:07:08 A. M. es.etg.smr.carreracamellos.servidor.mvc.utilidades.LogCamellos log
INFO: SARA avanza 9 puntos. Total acumulado: 73
may 29, 2025 1:07:08 A. M. es.etg.smr.carreracamellos.servidor.mvc.utilidades.LogCamellos log
INFO: SERGIO avanza 3 puntos. Total acumulado: 84
may 29, 2025 1:07:09 A. M. es.etg.smr.carreracamellos.servidor.mvc.utilidades.LogCamellos log
INFO: SARA avanza 6 puntos. Total acumulado: 79
may 29, 2025 1:07:09 A. M. es.etg.smr.carreracamellos.servidor.mvc.utilidades.LogCamellos log
INFO: SERGIO avanza 6 puntos. Total acumulado: 90
may 29, 2025 1:07:09 A. M. es.etg.smr.carreracamellos.servidor.mvc.utilidades.LogCamellos log
INFO: SARA avanza 8 puntos. Total acumulado: 87
may 29, 2025 1:07:09 A. M. es.etg.smr.carreracamellos.servidor.mvc.utilidades.LogCamellos log
INFO: SERGIO avanza 4 puntos. Total acumulado: 94
may 29, 2025 1:07:10 A. M. es.etg.smr.carreracamellos.servidor.mvc.utilidades.LogCamellos log
INFO: SARA avanza 6 puntos. Total acumulado: 93
may 29, 2025 1:07:10 A. M. es.etg.smr.carreracamellos.servidor.mvc.utilidades.LogCamellos log
INFO: SERGIO avanza 7 puntos. Total acumulado: 101
may 29, 2025 1:08:37 A. M. es.etg.smr.carreracamellos.servidor.mvc.utilidades.LogCamellos log
INFO: Jugador conectado: SER
may 29, 2025 1:09:51 A. M. es.etg.smr.carreracamellos.servidor.mvc.utilidades.LogCamellos log
INFO: Jugador conectado: SERA
may 29, 2025 1:09:51 A. M. es.etg.smr.carreracamellos.servidor.mvc.utilidades.LogCamellos log
INFO: SER avanza 2 puntos. Total acumulado: 2
may 29, 2025 1:09:51 A. M. es.etg.smr.carreracamellos.servidor.mvc.utilidades.LogCamellos log
INFO: SERA avanza 2 puntos. Total acumulado: 2
may 29, 2025 1:09:51 A. M. es.etg.smr.carreracamellos.servidor.mvc.utilidades.LogCamellos log
INFO: SER avanza 4 puntos. Total acumulado: 6
may 29, 2025 1:09:52 A. M. es.etg.smr.carreracamellos.servidor.mvc.utilidades.LogCamellos log
INFO: SERA avanza 8 puntos. Total acumulado: 10
may 29, 2025 1:09:52 A. M. es.etg.smr.carreracamellos.servidor.mvc.utilidades.LogCamellos log
INFO: SER avanza 3 puntos. Total acumulado: 9
may 29, 2025 1:09:52 A. M. es.etg.smr.carreracamellos.servidor.mvc.utilidades.LogCamellos log
INFO: SERA avanza 6 puntos. Total acumulado: 16
may 29, 2025 1:09:53 A. M. es.etg.smr.carreracamellos.servidor.mvc.utilidades.LogCamellos log
INFO: SER avanza 3 puntos. Total acumulado: 12
may 29, 2025 1:09:53 A. M. es.etg.smr.carreracamellos.servidor.mvc.utilidades.LogCamellos log
INFO: SERA avanza 2 puntos. Total acumulado: 18
may 29, 2025 1:09:53 A. M. es.etg.smr.carreracamellos.servidor.mvc.utilidades.LogCamellos log
INFO: SER avanza 4 puntos. Total acumulado: 16
may 29, 2025 1:09:54 A. M. es.etg.smr.carreracamellos.servidor.mvc.utilidades.LogCamellos log
INFO: SERA avanza 4 puntos. Total acumulado: 22
may 29, 2025 1:09:54 A. M. es.etg.smr.carreracamellos.servidor.mvc.utilidades.LogCamellos log
INFO: SER avanza 5 puntos. Total acumulado: 21
may 29, 2025 1:09:54 A. M. es.etg.smr.carreracamellos.servidor.mvc.utilidades.LogCamellos log
INFO: SERA avanza 7 puntos. Total acumulado: 29
may 29, 2025 1:09:55 A. M. es.etg.smr.carreracamellos.servidor.mvc.utilidades.LogCamellos log
INFO: SER avanza 5 puntos. Total acumulado: 26
may 29, 2025 1:09:55 A. M. es.etg.smr.carreracamellos.servidor.mvc.utilidades.LogCamellos log
INFO: SERA avanza 3 puntos. Total acumulado: 32
may 29, 2025 1:09:55 A. M. es.etg.smr.carreracamellos.servidor.mvc.utilidades.LogCamellos log
INFO: SER avanza 4 puntos. Total acumulado: 30
may 29, 2025 1:09:55 A. M. es.etg.smr.carreracamellos.servidor.mvc.utilidades.LogCamellos log
INFO: SERA avanza 8 puntos. Total acumulado: 40
may 29, 2025 1:09:56 A. M. es.etg.smr.carreracamellos.servidor.mvc.utilidades.LogCamellos log
INFO: SER avanza 2 puntos. Total acumulado: 32
may 29, 2025 1:09:56 A. M. es.etg.smr.carreracamellos.servidor.mvc.utilidades.LogCamellos log
INFO: SERA avanza 6 puntos. Total acumulado: 46
may 29, 2025 1:09:56 A. M. es.etg.smr.carreracamellos.servidor.mvc.utilidades.LogCamellos log
INFO: SER avanza 10 puntos. Total acumulado: 42
may 29, 2025 1:09:57 A. M. es.etg.smr.carreracamellos.servidor.mvc.utilidades.LogCamellos log
INFO: SERA avanza 9 puntos. Total acumulado: 55
may 29, 2025 1:09:57 A. M. es.etg.smr.carreracamellos.servidor.mvc.utilidades.LogCamellos log
INFO: SER avanza 5 puntos. Total acumulado: 47
may 29, 2025 1:09:57 A. M. es.etg.smr.carreracamellos.servidor.mvc.utilidades.LogCamellos log
INFO: SERA avanza 3 puntos. Total acumulado: 58
may 29, 2025 1:09:58 A. M. es.etg.smr.carreracamellos.servidor.mvc.utilidades.LogCamellos log
INFO: SER avanza 2 puntos. Total acumulado: 49
may 29, 2025 1:09:58 A. M. es.etg.smr.carreracamellos.servidor.mvc.utilidades.LogCamellos log
INFO: SERA avanza 9 puntos. Total acumulado: 67
may 29, 2025 1:09:58 A. M. es.etg.smr.carreracamellos.servidor.mvc.utilidades.LogCamellos log
INFO: SER avanza 9 puntos. Total acumulado: 58
may 29, 2025 1:09:58 A. M. es.etg.smr.carreracamellos.servidor.mvc.utilidades.LogCamellos log
INFO: SERA avanza 9 puntos. Total acumulado: 76
may 29, 2025 1:09:59 A. M. es.etg.smr.carreracamellos.servidor.mvc.utilidades.LogCamellos log
INFO: SER avanza 9 puntos. Total acumulado: 67
may 29, 2025 1:09:59 A. M. es.etg.smr.carreracamellos.servidor.mvc.utilidades.LogCamellos log
INFO: SERA avanza 7 puntos. Total acumulado: 83
may 29, 2025 1:09:59 A. M. es.etg.smr.carreracamellos.servidor.mvc.utilidades.LogCamellos log
INFO: SER avanza 8 puntos. Total acumulado: 75
may 29, 2025 1:10:00 A. M. es.etg.smr.carreracamellos.servidor.mvc.utilidades.LogCamellos log
INFO: SERA avanza 5 puntos. Total acumulado: 88
may 29, 2025 1:10:00 A. M. es.etg.smr.carreracamellos.servidor.mvc.utilidades.LogCamellos log
INFO: SER avanza 3 puntos. Total acumulado: 78
may 29, 2025 1:10:00 A. M. es.etg.smr.carreracamellos.servidor.mvc.utilidades.LogCamellos log
INFO: SERA avanza 10 puntos. Total acumulado: 98
may 29, 2025 1:10:01 A. M. es.etg.smr.carreracamellos.servidor.mvc.utilidades.LogCamellos log
INFO: SER avanza 8 puntos. Total acumulado: 86
may 29, 2025 1:10:01 A. M. es.etg.smr.carreracamellos.servidor.mvc.utilidades.LogCamellos log
INFO: SERA avanza 3 puntos. Total acumulado: 101
may 29, 2025 1:12:26 A. M. es.etg.smr.carreracamellos.servidor.mvc.utilidades.LogCamellos log
INFO: Jugador conectado: sersdtry
may 29, 2025 1:12:42 A. M. es.etg.smr.carreracamellos.servidor.mvc.utilidades.LogCamellos log
INFO: Jugador conectado: kkkkkkkkkyu
may 29, 2025 1:12:42 A. M. es.etg.smr.carreracamellos.servidor.mvc.utilidades.LogCamellos log
INFO: sersdtry avanza 5 puntos. Total acumulado: 5
may 29, 2025 1:12:43 A. M. es.etg.smr.carreracamellos.servidor.mvc.utilidades.LogCamellos log
INFO: kkkkkkkkkyu avanza 2 puntos. Total acumulado: 2
may 29, 2025 1:12:43 A. M. es.etg.smr.carreracamellos.servidor.mvc.utilidades.LogCamellos log
INFO: sersdtry avanza 9 puntos. Total acumulado: 14
may 29, 2025 1:12:43 A. M. es.etg.smr.carreracamellos.servidor.mvc.utilidades.LogCamellos log
INFO: kkkkkkkkkyu avanza 8 puntos. Total acumulado: 10
may 29, 2025 1:12:44 A. M. es.etg.smr.carreracamellos.servidor.mvc.utilidades.LogCamellos log
INFO: sersdtry avanza 3 puntos. Total acumulado: 17
may 29, 2025 1:12:44 A. M. es.etg.smr.carreracamellos.servidor.mvc.utilidades.LogCamellos log
INFO: kkkkkkkkkyu avanza 10 puntos. Total acumulado: 20
may 29, 2025 1:12:44 A. M. es.etg.smr.carreracamellos.servidor.mvc.utilidades.LogCamellos log
INFO: sersdtry avanza 4 puntos. Total acumulado: 21
may 29, 2025 1:12:44 A. M. es.etg.smr.carreracamellos.servidor.mvc.utilidades.LogCamellos log
INFO: kkkkkkkkkyu avanza 8 puntos. Total acumulado: 28
may 29, 2025 1:12:45 A. M. es.etg.smr.carreracamellos.servidor.mvc.utilidades.LogCamellos log
INFO: sersdtry avanza 10 puntos. Total acumulado: 31
may 29, 2025 1:12:45 A. M. es.etg.smr.carreracamellos.servidor.mvc.utilidades.LogCamellos log
INFO: kkkkkkkkkyu avanza 2 puntos. Total acumulado: 30
may 29, 2025 1:12:45 A. M. es.etg.smr.carreracamellos.servidor.mvc.utilidades.LogCamellos log
INFO: sersdtry avanza 6 puntos. Total acumulado: 37
may 29, 2025 1:12:46 A. M. es.etg.smr.carreracamellos.servidor.mvc.utilidades.LogCamellos log
INFO: kkkkkkkkkyu avanza 5 puntos. Total acumulado: 35
may 29, 2025 1:12:46 A. M. es.etg.smr.carreracamellos.servidor.mvc.utilidades.LogCamellos log
INFO: sersdtry avanza 5 puntos. Total acumulado: 42
may 29, 2025 1:12:46 A. M. es.etg.smr.carreracamellos.servidor.mvc.utilidades.LogCamellos log
INFO: kkkkkkkkkyu avanza 10 puntos. Total acumulado: 45
may 29, 2025 1:12:47 A. M. es.etg.smr.carreracamellos.servidor.mvc.utilidades.LogCamellos log
INFO: sersdtry avanza 1 puntos. Total acumulado: 43
may 29, 2025 1:12:47 A. M. es.etg.smr.carreracamellos.servidor.mvc.utilidades.LogCamellos log
INFO: kkkkkkkkkyu avanza 9 puntos. Total acumulado: 54
may 29, 2025 1:12:47 A. M. es.etg.smr.carreracamellos.servidor.mvc.utilidades.LogCamellos log
INFO: sersdtry avanza 6 puntos. Total acumulado: 49
may 29, 2025 1:12:47 A. M. es.etg.smr.carreracamellos.servidor.mvc.utilidades.LogCamellos log
INFO: kkkkkkkkkyu avanza 6 puntos. Total acumulado: 60
may 29, 2025 1:12:48 A. M. es.etg.smr.carreracamellos.servidor.mvc.utilidades.LogCamellos log
INFO: sersdtry avanza 2 puntos. Total acumulado: 51
may 29, 2025 1:12:48 A. M. es.etg.smr.carreracamellos.servidor.mvc.utilidades.LogCamellos log
INFO: kkkkkkkkkyu avanza 6 puntos. Total acumulado: 66
may 29, 2025 1:12:48 A. M. es.etg.smr.carreracamellos.servidor.mvc.utilidades.LogCamellos log
INFO: sersdtry avanza 7 puntos. Total acumulado: 58
may 29, 2025 1:12:49 A. M. es.etg.smr.carreracamellos.servidor.mvc.utilidades.LogCamellos log
INFO: kkkkkkkkkyu avanza 1 puntos. Total acumulado: 67
may 29, 2025 1:12:49 A. M. es.etg.smr.carreracamellos.servidor.mvc.utilidades.LogCamellos log
INFO: sersdtry avanza 2 puntos. Total acumulado: 60
may 29, 2025 1:12:49 A. M. es.etg.smr.carreracamellos.servidor.mvc.utilidades.LogCamellos log
INFO: kkkkkkkkkyu avanza 10 puntos. Total acumulado: 77
may 29, 2025 1:12:50 A. M. es.etg.smr.carreracamellos.servidor.mvc.utilidades.LogCamellos log
INFO: sersdtry avanza 6 puntos. Total acumulado: 66
may 29, 2025 1:12:50 A. M. es.etg.smr.carreracamellos.servidor.mvc.utilidades.LogCamellos log
INFO: kkkkkkkkkyu avanza 5 puntos. Total acumulado: 82
may 29, 2025 1:12:50 A. M. es.etg.smr.carreracamellos.servidor.mvc.utilidades.LogCamellos log
INFO: sersdtry avanza 7 puntos. Total acumulado: 73
may 29, 2025 1:12:51 A. M. es.etg.smr.carreracamellos.servidor.mvc.utilidades.LogCamellos log
INFO: kkkkkkkkkyu avanza 10 puntos. Total acumulado: 92
may 29, 2025 1:12:51 A. M. es.etg.smr.carreracamellos.servidor.mvc.utilidades.LogCamellos log
INFO: sersdtry avanza 9 puntos. Total acumulado: 82
may 29, 2025 1:12:51 A. M. es.etg.smr.carreracamellos.servidor.mvc.utilidades.LogCamellos log
INFO: kkkkkkkkkyu avanza 6 puntos. Total acumulado: 98
may 29, 2025 1:12:51 A. M. es.etg.smr.carreracamellos.servidor.mvc.utilidades.LogCamellos log
INFO: sersdtry avanza 10 puntos. Total acumulado: 92
may 29, 2025 1:12:52 A. M. es.etg.smr.carreracamellos.servidor.mvc.utilidades.LogCamellos log
INFO: kkkkkkkkkyu avanza 8 puntos. Total acumulado: 106
may 29, 2025 1:15:19 A. M. es.etg.smr.carreracamellos.servidor.mvc.utilidades.LogCamellos log
INFO: Servidor iniciado en el puerto 3009
may 29, 2025 1:15:31 A. M. es.etg.smr.carreracamellos.servidor.mvc.utilidades.LogCamellos log
INFO: Jugador conectado: taaaaaaaaa
may 29, 2025 1:15:45 A. M. es.etg.smr.carreracamellos.servidor.mvc.utilidades.LogCamellos log
INFO: Jugador conectado: ererwtw
may 29, 2025 1:15:45 A. M. es.etg.smr.carreracamellos.servidor.mvc.utilidades.LogCamellos log
INFO: taaaaaaaaa avanza 2 puntos. Total acumulado: 2
may 29, 2025 1:15:46 A. M. es.etg.smr.carreracamellos.servidor.mvc.utilidades.LogCamellos log
INFO: ererwtw avanza 5 puntos. Total acumulado: 5
may 29, 2025 1:15:46 A. M. es.etg.smr.carreracamellos.servidor.mvc.utilidades.LogCamellos log
INFO: taaaaaaaaa avanza 2 puntos. Total acumulado: 4
may 29, 2025 1:15:46 A. M. es.etg.smr.carreracamellos.servidor.mvc.utilidades.LogCamellos log
INFO: ererwtw avanza 5 puntos. Total acumulado: 10
may 29, 2025 1:15:47 A. M. es.etg.smr.carreracamellos.servidor.mvc.utilidades.LogCamellos log
INFO: taaaaaaaaa avanza 7 puntos. Total acumulado: 11
may 29, 2025 1:15:47 A. M. es.etg.smr.carreracamellos.servidor.mvc.utilidades.LogCamellos log
INFO: ererwtw avanza 9 puntos. Total acumulado: 19
may 29, 2025 1:15:47 A. M. es.etg.smr.carreracamellos.servidor.mvc.utilidades.LogCamellos log
INFO: taaaaaaaaa avanza 1 puntos. Total acumulado: 12
may 29, 2025 1:15:48 A. M. es.etg.smr.carreracamellos.servidor.mvc.utilidades.LogCamellos log
INFO: ererwtw avanza 10 puntos. Total acumulado: 29
may 29, 2025 1:15:48 A. M. es.etg.smr.carreracamellos.servidor.mvc.utilidades.LogCamellos log
INFO: taaaaaaaaa avanza 6 puntos. Total acumulado: 18
may 29, 2025 1:15:48 A. M. es.etg.smr.carreracamellos.servidor.mvc.utilidades.LogCamellos log
INFO: ererwtw avanza 4 puntos. Total acumulado: 33
may 29, 2025 1:15:49 A. M. es.etg.smr.carreracamellos.servidor.mvc.utilidades.LogCamellos log
INFO: taaaaaaaaa avanza 1 puntos. Total acumulado: 19
may 29, 2025 1:15:49 A. M. es.etg.smr.carreracamellos.servidor.mvc.utilidades.LogCamellos log
INFO: ererwtw avanza 4 puntos. Total acumulado: 37
may 29, 2025 1:15:49 A. M. es.etg.smr.carreracamellos.servidor.mvc.utilidades.LogCamellos log
INFO: taaaaaaaaa avanza 3 puntos. Total acumulado: 22
may 29, 2025 1:15:49 A. M. es.etg.smr.carreracamellos.servidor.mvc.utilidades.LogCamellos log
INFO: ererwtw avanza 3 puntos. Total acumulado: 40
may 29, 2025 1:15:50 A. M. es.etg.smr.carreracamellos.servidor.mvc.utilidades.LogCamellos log
INFO: taaaaaaaaa avanza 5 puntos. Total acumulado: 27
may 29, 2025 1:15:50 A. M. es.etg.smr.carreracamellos.servidor.mvc.utilidades.LogCamellos log
INFO: ererwtw avanza 1 puntos. Total acumulado: 41
may 29, 2025 1:15:50 A. M. es.etg.smr.carreracamellos.servidor.mvc.utilidades.LogCamellos log
INFO: taaaaaaaaa avanza 7 puntos. Total acumulado: 34
may 29, 2025 1:15:51 A. M. es.etg.smr.carreracamellos.servidor.mvc.utilidades.LogCamellos log
INFO: ererwtw avanza 9 puntos. Total acumulado: 50
may 29, 2025 1:15:51 A. M. es.etg.smr.carreracamellos.servidor.mvc.utilidades.LogCamellos log
INFO: taaaaaaaaa avanza 1 puntos. Total acumulado: 35
may 29, 2025 1:15:51 A. M. es.etg.smr.carreracamellos.servidor.mvc.utilidades.LogCamellos log
INFO: ererwtw avanza 7 puntos. Total acumulado: 57
may 29, 2025 1:15:52 A. M. es.etg.smr.carreracamellos.servidor.mvc.utilidades.LogCamellos log
INFO: taaaaaaaaa avanza 5 puntos. Total acumulado: 40
may 29, 2025 1:15:52 A. M. es.etg.smr.carreracamellos.servidor.mvc.utilidades.LogCamellos log
INFO: ererwtw avanza 6 puntos. Total acumulado: 63
may 29, 2025 1:15:52 A. M. es.etg.smr.carreracamellos.servidor.mvc.utilidades.LogCamellos log
INFO: taaaaaaaaa avanza 7 puntos. Total acumulado: 47
may 29, 2025 1:15:52 A. M. es.etg.smr.carreracamellos.servidor.mvc.utilidades.LogCamellos log
INFO: ererwtw avanza 2 puntos. Total acumulado: 65
may 29, 2025 1:15:53 A. M. es.etg.smr.carreracamellos.servidor.mvc.utilidades.LogCamellos log
INFO: taaaaaaaaa avanza 8 puntos. Total acumulado: 55
may 29, 2025 1:15:53 A. M. es.etg.smr.carreracamellos.servidor.mvc.utilidades.LogCamellos log
INFO: ererwtw avanza 1 puntos. Total acumulado: 66
may 29, 2025 1:15:53 A. M. es.etg.smr.carreracamellos.servidor.mvc.utilidades.LogCamellos log
INFO: taaaaaaaaa avanza 2 puntos. Total acumulado: 57
may 29, 2025 1:15:54 A. M. es.etg.smr.carreracamellos.servidor.mvc.utilidades.LogCamellos log
INFO: ererwtw avanza 5 puntos. Total acumulado: 71
may 29, 2025 1:15:54 A. M. es.etg.smr.carreracamellos.servidor.mvc.utilidades.LogCamellos log
INFO: taaaaaaaaa avanza 9 puntos. Total acumulado: 66
may 29, 2025 1:15:54 A. M. es.etg.smr.carreracamellos.servidor.mvc.utilidades.LogCamellos log
INFO: ererwtw avanza 9 puntos. Total acumulado: 80
may 29, 2025 1:15:55 A. M. es.etg.smr.carreracamellos.servidor.mvc.utilidades.LogCamellos log
INFO: taaaaaaaaa avanza 5 puntos. Total acumulado: 71
may 29, 2025 1:15:55 A. M. es.etg.smr.carreracamellos.servidor.mvc.utilidades.LogCamellos log
INFO: ererwtw avanza 8 puntos. Total acumulado: 88
may 29, 2025 1:15:55 A. M. es.etg.smr.carreracamellos.servidor.mvc.utilidades.LogCamellos log
INFO: taaaaaaaaa avanza 5 puntos. Total acumulado: 76
may 29, 2025 1:15:56 A. M. es.etg.smr.carreracamellos.servidor.mvc.utilidades.LogCamellos log
INFO: ererwtw avanza 4 puntos. Total acumulado: 92
may 29, 2025 1:15:56 A. M. es.etg.smr.carreracamellos.servidor.mvc.utilidades.LogCamellos log
INFO: taaaaaaaaa avanza 7 puntos. Total acumulado: 83
may 29, 2025 1:15:56 A. M. es.etg.smr.carreracamellos.servidor.mvc.utilidades.LogCamellos log
INFO: ererwtw avanza 7 puntos. Total acumulado: 99
may 29, 2025 1:15:56 A. M. es.etg.smr.carreracamellos.servidor.mvc.utilidades.LogCamellos log
INFO: taaaaaaaaa avanza 10 puntos. Total acumulado: 93
may 29, 2025 1:15:57 A. M. es.etg.smr.carreracamellos.servidor.mvc.utilidades.LogCamellos log
INFO: ererwtw avanza 6 puntos. Total acumulado: 105
may 29, 2025 10:54:05 A. M. es.etg.smr.carreracamellos.servidor.mvc.utilidades.LogCamellos log
INFO: Servidor iniciado en el puerto 3009
may 29, 2025 10:54:19 A. M. es.etg.smr.carreracamellos.servidor.mvc.utilidades.LogCamellos log
INFO: Jugador conectado: JUGADOR1
may 29, 2025 10:54:36 A. M. es.etg.smr.carreracamellos.servidor.mvc.utilidades.LogCamellos log
INFO: Jugador conectado: JUGADOR2
may 29, 2025 10:54:36 A. M. es.etg.smr.carreracamellos.servidor.mvc.utilidades.LogCamellos log
INFO: JUGADOR1 avanza 4 puntos. Total acumulado: 4
may 29, 2025 10:54:36 A. M. es.etg.smr.carreracamellos.servidor.mvc.utilidades.LogCamellos log
INFO: JUGADOR2 avanza 6 puntos. Total acumulado: 6
may 29, 2025 10:54:36 A. M. es.etg.smr.carreracamellos.servidor.mvc.utilidades.LogCamellos log
INFO: JUGADOR1 avanza 5 puntos. Total acumulado: 9
may 29, 2025 10:54:37 A. M. es.etg.smr.carreracamellos.servidor.mvc.utilidades.LogCamellos log
INFO: JUGADOR2 avanza 2 puntos. Total acumulado: 8
may 29, 2025 10:54:37 A. M. es.etg.smr.carreracamellos.servidor.mvc.utilidades.LogCamellos log
INFO: JUGADOR1 avanza 10 puntos. Total acumulado: 19
may 29, 2025 10:54:37 A. M. es.etg.smr.carreracamellos.servidor.mvc.utilidades.LogCamellos log
INFO: JUGADOR2 avanza 2 puntos. Total acumulado: 10
may 29, 2025 10:54:37 A. M. es.etg.smr.carreracamellos.servidor.mvc.utilidades.LogCamellos log
INFO: JUGADOR1 avanza 3 puntos. Total acumulado: 22
may 29, 2025 10:54:38 A. M. es.etg.smr.carreracamellos.servidor.mvc.utilidades.LogCamellos log
INFO: JUGADOR2 avanza 9 puntos. Total acumulado: 19
may 29, 2025 10:54:38 A. M. es.etg.smr.carreracamellos.servidor.mvc.utilidades.LogCamellos log
INFO: JUGADOR1 avanza 1 puntos. Total acumulado: 23
may 29, 2025 10:54:38 A. M. es.etg.smr.carreracamellos.servidor.mvc.utilidades.LogCamellos log
INFO: JUGADOR2 avanza 4 puntos. Total acumulado: 23
may 29, 2025 10:54:39 A. M. es.etg.smr.carreracamellos.servidor.mvc.utilidades.LogCamellos log
INFO: JUGADOR1 avanza 9 puntos. Total acumulado: 32
may 29, 2025 10:54:39 A. M. es.etg.smr.carreracamellos.servidor.mvc.utilidades.LogCamellos log
INFO: JUGADOR2 avanza 10 puntos. Total acumulado: 33
may 29, 2025 10:54:39 A. M. es.etg.smr.carreracamellos.servidor.mvc.utilidades.LogCamellos log
INFO: JUGADOR1 avanza 4 puntos. Total acumulado: 36
may 29, 2025 10:54:40 A. M. es.etg.smr.carreracamellos.servidor.mvc.utilidades.LogCamellos log
INFO: JUGADOR2 avanza 9 puntos. Total acumulado: 42
may 29, 2025 10:54:40 A. M. es.etg.smr.carreracamellos.servidor.mvc.utilidades.LogCamellos log
INFO: JUGADOR1 avanza 1 puntos. Total acumulado: 37
may 29, 2025 10:54:40 A. M. es.etg.smr.carreracamellos.servidor.mvc.utilidades.LogCamellos log
INFO: JUGADOR2 avanza 2 puntos. Total acumulado: 44
may 29, 2025 10:54:41 A. M. es.etg.smr.carreracamellos.servidor.mvc.utilidades.LogCamellos log
INFO: JUGADOR1 avanza 7 puntos. Total acumulado: 44
may 29, 2025 10:54:41 A. M. es.etg.smr.carreracamellos.servidor.mvc.utilidades.LogCamellos log
INFO: JUGADOR2 avanza 8 puntos. Total acumulado: 52
may 29, 2025 10:54:41 A. M. es.etg.smr.carreracamellos.servidor.mvc.utilidades.LogCamellos log
INFO: JUGADOR1 avanza 5 puntos. Total acumulado: 49
may 29, 2025 10:54:41 A. M. es.etg.smr.carreracamellos.servidor.mvc.utilidades.LogCamellos log
INFO: JUGADOR2 avanza 8 puntos. Total acumulado: 60
may 29, 2025 10:54:42 A. M. es.etg.smr.carreracamellos.servidor.mvc.utilidades.LogCamellos log
INFO: JUGADOR1 avanza 7 puntos. Total acumulado: 56
may 29, 2025 10:54:42 A. M. es.etg.smr.carreracamellos.servidor.mvc.utilidades.LogCamellos log
INFO: JUGADOR2 avanza 5 puntos. Total acumulado: 65
may 29, 2025 10:54:42 A. M. es.etg.smr.carreracamellos.servidor.mvc.utilidades.LogCamellos log
INFO: JUGADOR1 avanza 5 puntos. Total acumulado: 61
may 29, 2025 10:54:43 A. M. es.etg.smr.carreracamellos.servidor.mvc.utilidades.LogCamellos log
INFO: JUGADOR2 avanza 3 puntos. Total acumulado: 68
may 29, 2025 10:54:43 A. M. es.etg.smr.carreracamellos.servidor.mvc.utilidades.LogCamellos log
INFO: JUGADOR1 avanza 2 puntos. Total acumulado: 63
may 29, 2025 10:54:43 A. M. es.etg.smr.carreracamellos.servidor.mvc.utilidades.LogCamellos log
INFO: JUGADOR2 avanza 6 puntos. Total acumulado: 74
may 29, 2025 10:54:44 A. M. es.etg.smr.carreracamellos.servidor.mvc.utilidades.LogCamellos log
INFO: JUGADOR1 avanza 5 puntos. Total acumulado: 68
may 29, 2025 10:54:44 A. M. es.etg.smr.carreracamellos.servidor.mvc.utilidades.LogCamellos log
INFO: JUGADOR2 avanza 4 puntos. Total acumulado: 78
may 29, 2025 10:54:44 A. M. es.etg.smr.carreracamellos.servidor.mvc.utilidades.LogCamellos log
INFO: JUGADOR1 avanza 3 puntos. Total acumulado: 71
may 29, 2025 10:54:44 A. M. es.etg.smr.carreracamellos.servidor.mvc.utilidades.LogCamellos log
INFO: JUGADOR2 avanza 8 puntos. Total acumulado: 86
may 29, 2025 10:54:45 A. M. es.etg.smr.carreracamellos.servidor.mvc.utilidades.LogCamellos log
INFO: JUGADOR1 avanza 10 puntos. Total acumulado: 81
may 29, 2025 10:54:45 A. M. es.etg.smr.carreracamellos.servidor.mvc.utilidades.LogCamellos log
INFO: JUGADOR2 avanza 3 puntos. Total acumulado: 89
may 29, 2025 10:54:45 A. M. es.etg.smr.carreracamellos.servidor.mvc.utilidades.LogCamellos log
INFO: JUGADOR1 avanza 9 puntos. Total acumulado: 90
may 29, 2025 10:54:46 A. M. es.etg.smr.carreracamellos.servidor.mvc.utilidades.LogCamellos log
INFO: JUGADOR2 avanza 6 puntos. Total acumulado: 95
may 29, 2025 10:54:46 A. M. es.etg.smr.carreracamellos.servidor.mvc.utilidades.LogCamellos log
INFO: JUGADOR1 avanza 3 puntos. Total acumulado: 93
may 29, 2025 10:54:46 A. M. es.etg.smr.carreracamellos.servidor.mvc.utilidades.LogCamellos log
INFO: JUGADOR2 avanza 9 puntos. Total acumulado: 104
may 29, 2025 10:56:05 A. M. es.etg.smr.carreracamellos.servidor.mvc.utilidades.LogCamellos log
INFO: Jugador conectado: SARA
may 29, 2025 10:56:19 A. M. es.etg.smr.carreracamellos.servidor.mvc.utilidades.LogCamellos log
INFO: Jugador conectado: DOS
may 29, 2025 10:56:19 A. M. es.etg.smr.carreracamellos.servidor.mvc.utilidades.LogCamellos log
INFO: SARA avanza 10 puntos. Total acumulado: 10
may 29, 2025 10:56:20 A. M. es.etg.smr.carreracamellos.servidor.mvc.utilidades.LogCamellos log
INFO: DOS avanza 3 puntos. Total acumulado: 3
may 29, 2025 10:56:20 A. M. es.etg.smr.carreracamellos.servidor.mvc.utilidades.LogCamellos log
INFO: SARA avanza 5 puntos. Total acumulado: 15
may 29, 2025 10:56:20 A. M. es.etg.smr.carreracamellos.servidor.mvc.utilidades.LogCamellos log
INFO: DOS avanza 5 puntos. Total acumulado: 8
may 29, 2025 10:56:21 A. M. es.etg.smr.carreracamellos.servidor.mvc.utilidades.LogCamellos log
INFO: SARA avanza 2 puntos. Total acumulado: 17
may 29, 2025 10:56:21 A. M. es.etg.smr.carreracamellos.servidor.mvc.utilidades.LogCamellos log
INFO: DOS avanza 8 puntos. Total acumulado: 16
may 29, 2025 10:56:21 A. M. es.etg.smr.carreracamellos.servidor.mvc.utilidades.LogCamellos log
INFO: SARA avanza 3 puntos. Total acumulado: 20
may 29, 2025 10:56:22 A. M. es.etg.smr.carreracamellos.servidor.mvc.utilidades.LogCamellos log
INFO: DOS avanza 8 puntos. Total acumulado: 24
may 29, 2025 10:56:22 A. M. es.etg.smr.carreracamellos.servidor.mvc.utilidades.LogCamellos log
INFO: SARA avanza 8 puntos. Total acumulado: 28
may 29, 2025 10:56:22 A. M. es.etg.smr.carreracamellos.servidor.mvc.utilidades.LogCamellos log
INFO: DOS avanza 6 puntos. Total acumulado: 30
may 29, 2025 10:56:22 A. M. es.etg.smr.carreracamellos.servidor.mvc.utilidades.LogCamellos log
INFO: SARA avanza 4 puntos. Total acumulado: 32
may 29, 2025 10:56:23 A. M. es.etg.smr.carreracamellos.servidor.mvc.utilidades.LogCamellos log
INFO: DOS avanza 8 puntos. Total acumulado: 38
may 29, 2025 10:56:23 A. M. es.etg.smr.carreracamellos.servidor.mvc.utilidades.LogCamellos log
INFO: SARA avanza 5 puntos. Total acumulado: 37
may 29, 2025 10:56:23 A. M. es.etg.smr.carreracamellos.servidor.mvc.utilidades.LogCamellos log
INFO: DOS avanza 10 puntos. Total acumulado: 48
may 29, 2025 10:56:24 A. M. es.etg.smr.carreracamellos.servidor.mvc.utilidades.LogCamellos log
INFO: SARA avanza 10 puntos. Total acumulado: 47
may 29, 2025 10:56:24 A. M. es.etg.smr.carreracamellos.servidor.mvc.utilidades.LogCamellos log
INFO: DOS avanza 4 puntos. Total acumulado: 52
may 29, 2025 10:56:24 A. M. es.etg.smr.carreracamellos.servidor.mvc.utilidades.LogCamellos log
INFO: SARA avanza 5 puntos. Total acumulado: 52
may 29, 2025 10:56:25 A. M. es.etg.smr.carreracamellos.servidor.mvc.utilidades.LogCamellos log
INFO: DOS avanza 5 puntos. Total acumulado: 57
may 29, 2025 10:56:25 A. M. es.etg.smr.carreracamellos.servidor.mvc.utilidades.LogCamellos log
INFO: SARA avanza 1 puntos. Total acumulado: 53
may 29, 2025 10:56:25 A. M. es.etg.smr.carreracamellos.servidor.mvc.utilidades.LogCamellos log
INFO: DOS avanza 5 puntos. Total acumulado: 62
may 29, 2025 10:56:26 A. M. es.etg.smr.carreracamellos.servidor.mvc.utilidades.LogCamellos log
INFO: SARA avanza 8 puntos. Total acumulado: 61
may 29, 2025 10:56:26 A. M. es.etg.smr.carreracamellos.servidor.mvc.utilidades.LogCamellos log
INFO: DOS avanza 4 puntos. Total acumulado: 66
may 29, 2025 10:56:26 A. M. es.etg.smr.carreracamellos.servidor.mvc.utilidades.LogCamellos log
INFO: SARA avanza 2 puntos. Total acumulado: 63
may 29, 2025 10:56:26 A. M. es.etg.smr.carreracamellos.servidor.mvc.utilidades.LogCamellos log
INFO: DOS avanza 1 puntos. Total acumulado: 67
may 29, 2025 10:56:27 A. M. es.etg.smr.carreracamellos.servidor.mvc.utilidades.LogCamellos log
INFO: SARA avanza 9 puntos. Total acumulado: 72
may 29, 2025 10:56:27 A. M. es.etg.smr.carreracamellos.servidor.mvc.utilidades.LogCamellos log
INFO: DOS avanza 4 puntos. Total acumulado: 71
may 29, 2025 10:56:27 A. M. es.etg.smr.carreracamellos.servidor.mvc.utilidades.LogCamellos log
INFO: SARA avanza 9 puntos. Total acumulado: 81
may 29, 2025 10:56:28 A. M. es.etg.smr.carreracamellos.servidor.mvc.utilidades.LogCamellos log
INFO: DOS avanza 5 puntos. Total acumulado: 76
may 29, 2025 10:56:28 A. M. es.etg.smr.carreracamellos.servidor.mvc.utilidades.LogCamellos log
INFO: SARA avanza 3 puntos. Total acumulado: 84
may 29, 2025 10:56:28 A. M. es.etg.smr.carreracamellos.servidor.mvc.utilidades.LogCamellos log
INFO: DOS avanza 6 puntos. Total acumulado: 82
may 29, 2025 10:56:29 A. M. es.etg.smr.carreracamellos.servidor.mvc.utilidades.LogCamellos log
INFO: SARA avanza 1 puntos. Total acumulado: 85
may 29, 2025 10:56:29 A. M. es.etg.smr.carreracamellos.servidor.mvc.utilidades.LogCamellos log
INFO: DOS avanza 4 puntos. Total acumulado: 86
may 29, 2025 10:56:29 A. M. es.etg.smr.carreracamellos.servidor.mvc.utilidades.LogCamellos log
INFO: SARA avanza 1 puntos. Total acumulado: 86
may 29, 2025 10:56:29 A. M. es.etg.smr.carreracamellos.servidor.mvc.utilidades.LogCamellos log
INFO: DOS avanza 2 puntos. Total acumulado: 88
may 29, 2025 10:56:30 A. M. es.etg.smr.carreracamellos.servidor.mvc.utilidades.LogCamellos log
INFO: SARA avanza 1 puntos. Total acumulado: 87
may 29, 2025 10:56:30 A. M. es.etg.smr.carreracamellos.servidor.mvc.utilidades.LogCamellos log
INFO: DOS avanza 6 puntos. Total acumulado: 94
may 29, 2025 10:56:30 A. M. es.etg.smr.carreracamellos.servidor.mvc.utilidades.LogCamellos log
INFO: SARA avanza 2 puntos. Total acumulado: 89
may 29, 2025 10:56:31 A. M. es.etg.smr.carreracamellos.servidor.mvc.utilidades.LogCamellos log
INFO: DOS avanza 4 puntos. Total acumulado: 98
may 29, 2025 10:56:31 A. M. es.etg.smr.carreracamellos.servidor.mvc.utilidades.LogCamellos log
INFO: SARA avanza 9 puntos. Total acumulado: 98
may 29, 2025 10:56:31 A. M. es.etg.smr.carreracamellos.servidor.mvc.utilidades.LogCamellos log
INFO: DOS avanza 9 puntos. Total acumulado: 107
may 29, 2025 10:57:06 A. M. es.etg.smr.carreracamellos.servidor.mvc.utilidades.LogCamellos log
INFO: Jugador conectado: SARA
may 29, 2025 10:57:19 A. M. es.etg.smr.carreracamellos.servidor.mvc.utilidades.LogCamellos log
INFO: Jugador conectado: DOS
may 29, 2025 10:57:19 A. M. es.etg.smr.carreracamellos.servidor.mvc.utilidades.LogCamellos log
INFO: SARA avanza 3 puntos. Total acumulado: 3
may 29, 2025 10:57:20 A. M. es.etg.smr.carreracamellos.servidor.mvc.utilidades.LogCamellos log
INFO: DOS avanza 7 puntos. Total acumulado: 7
may 29, 2025 10:57:20 A. M. es.etg.smr.carreracamellos.servidor.mvc.utilidades.LogCamellos log
INFO: SARA avanza 1 puntos. Total acumulado: 4
may 29, 2025 10:57:20 A. M. es.etg.smr.carreracamellos.servidor.mvc.utilidades.LogCamellos log
INFO: DOS avanza 9 puntos. Total acumulado: 16
may 29, 2025 10:57:21 A. M. es.etg.smr.carreracamellos.servidor.mvc.utilidades.LogCamellos log
INFO: SARA avanza 2 puntos. Total acumulado: 6
may 29, 2025 10:57:21 A. M. es.etg.smr.carreracamellos.servidor.mvc.utilidades.LogCamellos log
INFO: DOS avanza 10 puntos. Total acumulado: 26
may 29, 2025 10:57:21 A. M. es.etg.smr.carreracamellos.servidor.mvc.utilidades.LogCamellos log
INFO: SARA avanza 3 puntos. Total acumulado: 9
may 29, 2025 10:57:21 A. M. es.etg.smr.carreracamellos.servidor.mvc.utilidades.LogCamellos log
INFO: DOS avanza 4 puntos. Total acumulado: 30
may 29, 2025 10:57:22 A. M. es.etg.smr.carreracamellos.servidor.mvc.utilidades.LogCamellos log
INFO: SARA avanza 5 puntos. Total acumulado: 14
may 29, 2025 10:57:22 A. M. es.etg.smr.carreracamellos.servidor.mvc.utilidades.LogCamellos log
INFO: DOS avanza 9 puntos. Total acumulado: 39
may 29, 2025 10:57:22 A. M. es.etg.smr.carreracamellos.servidor.mvc.utilidades.LogCamellos log
INFO: SARA avanza 5 puntos. Total acumulado: 19
may 29, 2025 10:57:23 A. M. es.etg.smr.carreracamellos.servidor.mvc.utilidades.LogCamellos log
INFO: DOS avanza 1 puntos. Total acumulado: 40
may 29, 2025 10:57:23 A. M. es.etg.smr.carreracamellos.servidor.mvc.utilidades.LogCamellos log
INFO: SARA avanza 10 puntos. Total acumulado: 29
may 29, 2025 10:57:23 A. M. es.etg.smr.carreracamellos.servidor.mvc.utilidades.LogCamellos log
INFO: DOS avanza 1 puntos. Total acumulado: 41
may 29, 2025 10:57:24 A. M. es.etg.smr.carreracamellos.servidor.mvc.utilidades.LogCamellos log
INFO: SARA avanza 3 puntos. Total acumulado: 32
may 29, 2025 10:57:24 A. M. es.etg.smr.carreracamellos.servidor.mvc.utilidades.LogCamellos log
INFO: DOS avanza 7 puntos. Total acumulado: 48
may 29, 2025 10:57:24 A. M. es.etg.smr.carreracamellos.servidor.mvc.utilidades.LogCamellos log
INFO: SARA avanza 8 puntos. Total acumulado: 40
may 29, 2025 10:57:24 A. M. es.etg.smr.carreracamellos.servidor.mvc.utilidades.LogCamellos log
INFO: DOS avanza 7 puntos. Total acumulado: 55
may 29, 2025 10:57:25 A. M. es.etg.smr.carreracamellos.servidor.mvc.utilidades.LogCamellos log
INFO: SARA avanza 4 puntos. Total acumulado: 44
may 29, 2025 10:57:25 A. M. es.etg.smr.carreracamellos.servidor.mvc.utilidades.LogCamellos log
INFO: DOS avanza 6 puntos. Total acumulado: 61
may 29, 2025 10:57:25 A. M. es.etg.smr.carreracamellos.servidor.mvc.utilidades.LogCamellos log
INFO: SARA avanza 8 puntos. Total acumulado: 52
may 29, 2025 10:57:26 A. M. es.etg.smr.carreracamellos.servidor.mvc.utilidades.LogCamellos log
INFO: DOS avanza 8 puntos. Total acumulado: 69
may 29, 2025 10:57:26 A. M. es.etg.smr.carreracamellos.servidor.mvc.utilidades.LogCamellos log
INFO: SARA avanza 2 puntos. Total acumulado: 54
may 29, 2025 10:57:26 A. M. es.etg.smr.carreracamellos.servidor.mvc.utilidades.LogCamellos log
INFO: DOS avanza 6 puntos. Total acumulado: 75
may 29, 2025 10:57:27 A. M. es.etg.smr.carreracamellos.servidor.mvc.utilidades.LogCamellos log
INFO: SARA avanza 6 puntos. Total acumulado: 60
may 29, 2025 10:57:27 A. M. es.etg.smr.carreracamellos.servidor.mvc.utilidades.LogCamellos log
INFO: DOS avanza 1 puntos. Total acumulado: 76
may 29, 2025 10:57:27 A. M. es.etg.smr.carreracamellos.servidor.mvc.utilidades.LogCamellos log
INFO: SARA avanza 2 puntos. Total acumulado: 62
may 29, 2025 10:57:28 A. M. es.etg.smr.carreracamellos.servidor.mvc.utilidades.LogCamellos log
INFO: DOS avanza 1 puntos. Total acumulado: 77
may 29, 2025 10:57:28 A. M. es.etg.smr.carreracamellos.servidor.mvc.utilidades.LogCamellos log
INFO: SARA avanza 1 puntos. Total acumulado: 63
may 29, 2025 10:57:28 A. M. es.etg.smr.carreracamellos.servidor.mvc.utilidades.LogCamellos log
INFO: DOS avanza 9 puntos. Total acumulado: 86
may 29, 2025 10:57:28 A. M. es.etg.smr.carreracamellos.servidor.mvc.utilidades.LogCamellos log
INFO: SARA avanza 6 puntos. Total acumulado: 69
may 29, 2025 10:57:29 A. M. es.etg.smr.carreracamellos.servidor.mvc.utilidades.LogCamellos log
INFO: DOS avanza 2 puntos. Total acumulado: 88
may 29, 2025 10:57:29 A. M. es.etg.smr.carreracamellos.servidor.mvc.utilidades.LogCamellos log
INFO: SARA avanza 1 puntos. Total acumulado: 70
may 29, 2025 10:57:29 A. M. es.etg.smr.carreracamellos.servidor.mvc.utilidades.LogCamellos log
INFO: DOS avanza 6 puntos. Total acumulado: 94
may 29, 2025 10:57:30 A. M. es.etg.smr.carreracamellos.servidor.mvc.utilidades.LogCamellos log
INFO: SARA avanza 1 puntos. Total acumulado: 71
may 29, 2025 10:57:30 A. M. es.etg.smr.carreracamellos.servidor.mvc.utilidades.LogCamellos log
INFO: DOS avanza 3 puntos. Total acumulado: 97
may 29, 2025 10:57:30 A. M. es.etg.smr.carreracamellos.servidor.mvc.utilidades.LogCamellos log
INFO: SARA avanza 8 puntos. Total acumulado: 79
may 29, 2025 10:57:31 A. M. es.etg.smr.carreracamellos.servidor.mvc.utilidades.LogCamellos log
INFO: DOS avanza 7 puntos. Total acumulado: 104
may 29, 2025 11:07:35 A. M. es.etg.smr.carreracamellos.servidor.mvc.utilidades.LogCamellos log
INFO: Jugador conectado: HOLA
may 29, 2025 11:07:48 A. M. es.etg.smr.carreracamellos.servidor.mvc.utilidades.LogCamellos log
INFO: Jugador conectado: PWPE
may 29, 2025 11:07:48 A. M. es.etg.smr.carreracamellos.servidor.mvc.utilidades.LogCamellos log
INFO: HOLA avanza 6 puntos. Total acumulado: 6
may 29, 2025 11:07:48 A. M. es.etg.smr.carreracamellos.servidor.mvc.utilidades.LogCamellos log
INFO: PWPE avanza 5 puntos. Total acumulado: 5
may 29, 2025 11:07:49 A. M. es.etg.smr.carreracamellos.servidor.mvc.utilidades.LogCamellos log
INFO: HOLA avanza 9 puntos. Total acumulado: 15
may 29, 2025 11:07:49 A. M. es.etg.smr.carreracamellos.servidor.mvc.utilidades.LogCamellos log
INFO: PWPE avanza 8 puntos. Total acumulado: 13
may 29, 2025 11:07:49 A. M. es.etg.smr.carreracamellos.servidor.mvc.utilidades.LogCamellos log
INFO: HOLA avanza 9 puntos. Total acumulado: 24
may 29, 2025 11:07:49 A. M. es.etg.smr.carreracamellos.servidor.mvc.utilidades.LogCamellos log
INFO: PWPE avanza 6 puntos. Total acumulado: 19
may 29, 2025 11:07:50 A. M. es.etg.smr.carreracamellos.servidor.mvc.utilidades.LogCamellos log
INFO: HOLA avanza 6 puntos. Total acumulado: 30
may 29, 2025 11:07:50 A. M. es.etg.smr.carreracamellos.servidor.mvc.utilidades.LogCamellos log
INFO: PWPE avanza 3 puntos. Total acumulado: 22
may 29, 2025 11:07:50 A. M. es.etg.smr.carreracamellos.servidor.mvc.utilidades.LogCamellos log
INFO: HOLA avanza 9 puntos. Total acumulado: 39
may 29, 2025 11:07:51 A. M. es.etg.smr.carreracamellos.servidor.mvc.utilidades.LogCamellos log
INFO: PWPE avanza 1 puntos. Total acumulado: 23
may 29, 2025 11:07:51 A. M. es.etg.smr.carreracamellos.servidor.mvc.utilidades.LogCamellos log
INFO: HOLA avanza 3 puntos. Total acumulado: 42
may 29, 2025 11:07:51 A. M. es.etg.smr.carreracamellos.servidor.mvc.utilidades.LogCamellos log
INFO: PWPE avanza 4 puntos. Total acumulado: 27
may 29, 2025 11:07:52 A. M. es.etg.smr.carreracamellos.servidor.mvc.utilidades.LogCamellos log
INFO: HOLA avanza 7 puntos. Total acumulado: 49
may 29, 2025 11:07:52 A. M. es.etg.smr.carreracamellos.servidor.mvc.utilidades.LogCamellos log
INFO: PWPE avanza 2 puntos. Total acumulado: 29
may 29, 2025 11:07:52 A. M. es.etg.smr.carreracamellos.servidor.mvc.utilidades.LogCamellos log
INFO: HOLA avanza 1 puntos. Total acumulado: 50
may 29, 2025 11:07:52 A. M. es.etg.smr.carreracamellos.servidor.mvc.utilidades.LogCamellos log
INFO: PWPE avanza 8 puntos. Total acumulado: 37
may 29, 2025 11:07:53 A. M. es.etg.smr.carreracamellos.servidor.mvc.utilidades.LogCamellos log
INFO: HOLA avanza 7 puntos. Total acumulado: 57
may 29, 2025 11:07:53 A. M. es.etg.smr.carreracamellos.servidor.mvc.utilidades.LogCamellos log
INFO: PWPE avanza 6 puntos. Total acumulado: 43
may 29, 2025 11:07:53 A. M. es.etg.smr.carreracamellos.servidor.mvc.utilidades.LogCamellos log
INFO: HOLA avanza 2 puntos. Total acumulado: 59
may 29, 2025 11:07:54 A. M. es.etg.smr.carreracamellos.servidor.mvc.utilidades.LogCamellos log
INFO: PWPE avanza 9 puntos. Total acumulado: 52
may 29, 2025 11:07:54 A. M. es.etg.smr.carreracamellos.servidor.mvc.utilidades.LogCamellos log
INFO: HOLA avanza 2 puntos. Total acumulado: 61
may 29, 2025 11:07:54 A. M. es.etg.smr.carreracamellos.servidor.mvc.utilidades.LogCamellos log
INFO: PWPE avanza 2 puntos. Total acumulado: 54
may 29, 2025 11:07:55 A. M. es.etg.smr.carreracamellos.servidor.mvc.utilidades.LogCamellos log
INFO: HOLA avanza 8 puntos. Total acumulado: 69
may 29, 2025 11:07:55 A. M. es.etg.smr.carreracamellos.servidor.mvc.utilidades.LogCamellos log
INFO: PWPE avanza 9 puntos. Total acumulado: 63
may 29, 2025 11:07:55 A. M. es.etg.smr.carreracamellos.servidor.mvc.utilidades.LogCamellos log
INFO: HOLA avanza 7 puntos. Total acumulado: 76
may 29, 2025 11:07:56 A. M. es.etg.smr.carreracamellos.servidor.mvc.utilidades.LogCamellos log
INFO: PWPE avanza 4 puntos. Total acumulado: 67
may 29, 2025 11:07:56 A. M. es.etg.smr.carreracamellos.servidor.mvc.utilidades.LogCamellos log
INFO: HOLA avanza 7 puntos. Total acumulado: 83
may 29, 2025 11:07:56 A. M. es.etg.smr.carreracamellos.servidor.mvc.utilidades.LogCamellos log
INFO: PWPE avanza 3 puntos. Total acumulado: 70
may 29, 2025 11:07:56 A. M. es.etg.smr.carreracamellos.servidor.mvc.utilidades.LogCamellos log
INFO: HOLA avanza 1 puntos. Total acumulado: 84
may 29, 2025 11:07:57 A. M. es.etg.smr.carreracamellos.servidor.mvc.utilidades.LogCamellos log
INFO: PWPE avanza 7 puntos. Total acumulado: 77
may 29, 2025 11:07:57 A. M. es.etg.smr.carreracamellos.servidor.mvc.utilidades.LogCamellos log
INFO: HOLA avanza 7 puntos. Total acumulado: 91
may 29, 2025 11:07:57 A. M. es.etg.smr.carreracamellos.servidor.mvc.utilidades.LogCamellos log
INFO: PWPE avanza 6 puntos. Total acumulado: 83
may 29, 2025 11:07:58 A. M. es.etg.smr.carreracamellos.servidor.mvc.utilidades.LogCamellos log
INFO: HOLA avanza 9 puntos. Total acumulado: 100
may 29, 2025 11:10:58 A. M. es.etg.smr.carreracamellos.servidor.mvc.utilidades.LogCamellos log
INFO: Servidor iniciado en el puerto 3009
may 29, 2025 11:11:11 A. M. es.etg.smr.carreracamellos.servidor.mvc.utilidades.LogCamellos log
INFO: Jugador conectado: sara
may 29, 2025 11:11:24 A. M. es.etg.smr.carreracamellos.servidor.mvc.utilidades.LogCamellos log
INFO: Jugador conectado: sertg
may 29, 2025 11:11:24 A. M. es.etg.smr.carreracamellos.servidor.mvc.utilidades.LogCamellos log
INFO: sara avanza 8 puntos. Total acumulado: 8
may 29, 2025 11:11:25 A. M. es.etg.smr.carreracamellos.servidor.mvc.utilidades.LogCamellos log
INFO: sertg avanza 2 puntos. Total acumulado: 2
may 29, 2025 11:11:25 A. M. es.etg.smr.carreracamellos.servidor.mvc.utilidades.LogCamellos log
INFO: sara avanza 6 puntos. Total acumulado: 14
may 29, 2025 11:11:25 A. M. es.etg.smr.carreracamellos.servidor.mvc.utilidades.LogCamellos log
INFO: sertg avanza 3 puntos. Total acumulado: 5
may 29, 2025 11:11:26 A. M. es.etg.smr.carreracamellos.servidor.mvc.utilidades.LogCamellos log
INFO: sara avanza 1 puntos. Total acumulado: 15
may 29, 2025 11:11:26 A. M. es.etg.smr.carreracamellos.servidor.mvc.utilidades.LogCamellos log
INFO: sertg avanza 5 puntos. Total acumulado: 10
may 29, 2025 11:11:26 A. M. es.etg.smr.carreracamellos.servidor.mvc.utilidades.LogCamellos log
INFO: sara avanza 4 puntos. Total acumulado: 19
may 29, 2025 11:11:26 A. M. es.etg.smr.carreracamellos.servidor.mvc.utilidades.LogCamellos log
INFO: sertg avanza 8 puntos. Total acumulado: 18
may 29, 2025 11:11:27 A. M. es.etg.smr.carreracamellos.servidor.mvc.utilidades.LogCamellos log
INFO: sara avanza 6 puntos. Total acumulado: 25
may 29, 2025 11:11:27 A. M. es.etg.smr.carreracamellos.servidor.mvc.utilidades.LogCamellos log
INFO: sertg avanza 7 puntos. Total acumulado: 25
may 29, 2025 11:11:27 A. M. es.etg.smr.carreracamellos.servidor.mvc.utilidades.LogCamellos log
INFO: sara avanza 5 puntos. Total acumulado: 30
may 29, 2025 11:11:28 A. M. es.etg.smr.carreracamellos.servidor.mvc.utilidades.LogCamellos log
INFO: sertg avanza 2 puntos. Total acumulado: 27
may 29, 2025 11:11:28 A. M. es.etg.smr.carreracamellos.servidor.mvc.utilidades.LogCamellos log
INFO: sara avanza 7 puntos. Total acumulado: 37
may 29, 2025 11:11:28 A. M. es.etg.smr.carreracamellos.servidor.mvc.utilidades.LogCamellos log
INFO: sertg avanza 6 puntos. Total acumulado: 33
may 29, 2025 11:11:29 A. M. es.etg.smr.carreracamellos.servidor.mvc.utilidades.LogCamellos log
INFO: sara avanza 6 puntos. Total acumulado: 43
may 29, 2025 11:11:29 A. M. es.etg.smr.carreracamellos.servidor.mvc.utilidades.LogCamellos log
INFO: sertg avanza 2 puntos. Total acumulado: 35
may 29, 2025 11:11:29 A. M. es.etg.smr.carreracamellos.servidor.mvc.utilidades.LogCamellos log
INFO: sara avanza 10 puntos. Total acumulado: 53
may 29, 2025 11:11:30 A. M. es.etg.smr.carreracamellos.servidor.mvc.utilidades.LogCamellos log
INFO: sertg avanza 2 puntos. Total acumulado: 37
may 29, 2025 11:11:30 A. M. es.etg.smr.carreracamellos.servidor.mvc.utilidades.LogCamellos log
INFO: sara avanza 9 puntos. Total acumulado: 62
may 29, 2025 11:11:30 A. M. es.etg.smr.carreracamellos.servidor.mvc.utilidades.LogCamellos log
INFO: sertg avanza 9 puntos. Total acumulado: 46
may 29, 2025 11:11:30 A. M. es.etg.smr.carreracamellos.servidor.mvc.utilidades.LogCamellos log
INFO: sara avanza 7 puntos. Total acumulado: 69
may 29, 2025 11:11:31 A. M. es.etg.smr.carreracamellos.servidor.mvc.utilidades.LogCamellos log
INFO: sertg avanza 2 puntos. Total acumulado: 48
may 29, 2025 11:11:31 A. M. es.etg.smr.carreracamellos.servidor.mvc.utilidades.LogCamellos log
INFO: sara avanza 2 puntos. Total acumulado: 71
may 29, 2025 11:11:31 A. M. es.etg.smr.carreracamellos.servidor.mvc.utilidades.LogCamellos log
INFO: sertg avanza 3 puntos. Total acumulado: 51
may 29, 2025 11:11:32 A. M. es.etg.smr.carreracamellos.servidor.mvc.utilidades.LogCamellos log
INFO: sara avanza 3 puntos. Total acumulado: 74
may 29, 2025 11:11:32 A. M. es.etg.smr.carreracamellos.servidor.mvc.utilidades.LogCamellos log
INFO: sertg avanza 4 puntos. Total acumulado: 55
may 29, 2025 11:11:32 A. M. es.etg.smr.carreracamellos.servidor.mvc.utilidades.LogCamellos log
INFO: sara avanza 1 puntos. Total acumulado: 75
may 29, 2025 11:11:33 A. M. es.etg.smr.carreracamellos.servidor.mvc.utilidades.LogCamellos log
INFO: sertg avanza 3 puntos. Total acumulado: 58
may 29, 2025 11:11:33 A. M. es.etg.smr.carreracamellos.servidor.mvc.utilidades.LogCamellos log
INFO: sara avanza 2 puntos. Total acumulado: 77
may 29, 2025 11:11:33 A. M. es.etg.smr.carreracamellos.servidor.mvc.utilidades.LogCamellos log
INFO: sertg avanza 10 puntos. Total acumulado: 68
may 29, 2025 11:11:33 A. M. es.etg.smr.carreracamellos.servidor.mvc.utilidades.LogCamellos log
INFO: sara avanza 2 puntos. Total acumulado: 79
may 29, 2025 11:11:34 A. M. es.etg.smr.carreracamellos.servidor.mvc.utilidades.LogCamellos log
INFO: sertg avanza 10 puntos. Total acumulado: 78
may 29, 2025 11:11:34 A. M. es.etg.smr.carreracamellos.servidor.mvc.utilidades.LogCamellos log
INFO: sara avanza 5 puntos. Total acumulado: 84
may 29, 2025 11:11:34 A. M. es.etg.smr.carreracamellos.servidor.mvc.utilidades.LogCamellos log
INFO: sertg avanza 4 puntos. Total acumulado: 82
may 29, 2025 11:11:35 A. M. es.etg.smr.carreracamellos.servidor.mvc.utilidades.LogCamellos log
INFO: sara avanza 10 puntos. Total acumulado: 94
may 29, 2025 11:11:35 A. M. es.etg.smr.carreracamellos.servidor.mvc.utilidades.LogCamellos log
INFO: sertg avanza 8 puntos. Total acumulado: 90
may 29, 2025 11:11:35 A. M. es.etg.smr.carreracamellos.servidor.mvc.utilidades.LogCamellos log
INFO: sara avanza 2 puntos. Total acumulado: 96
may 29, 2025 11:11:36 A. M. es.etg.smr.carreracamellos.servidor.mvc.utilidades.LogCamellos log
INFO: sertg avanza 9 puntos. Total acumulado: 99
may 29, 2025 11:11:36 A. M. es.etg.smr.carreracamellos.servidor.mvc.utilidades.LogCamellos log
INFO: sara avanza 4 puntos. Total acumulado: 100
may 29, 2025 11:15:45 A. M. es.etg.smr.carreracamellos.servidor.mvc.utilidades.LogCamellos log
INFO: Jugador conectado: jugador 4
may 29, 2025 11:16:00 A. M. es.etg.smr.carreracamellos.servidor.mvc.utilidades.LogCamellos log
INFO: Jugador conectado: peptit
may 29, 2025 11:16:00 A. M. es.etg.smr.carreracamellos.servidor.mvc.utilidades.LogCamellos log
INFO: jugador 4 avanza 4 puntos. Total acumulado: 4
may 29, 2025 11:16:01 A. M. es.etg.smr.carreracamellos.servidor.mvc.utilidades.LogCamellos log
INFO: peptit avanza 6 puntos. Total acumulado: 6
may 29, 2025 11:16:01 A. M. es.etg.smr.carreracamellos.servidor.mvc.utilidades.LogCamellos log
INFO: jugador 4 avanza 6 puntos. Total acumulado: 10
may 29, 2025 11:16:01 A. M. es.etg.smr.carreracamellos.servidor.mvc.utilidades.LogCamellos log
INFO: peptit avanza 9 puntos. Total acumulado: 15
may 29, 2025 11:16:01 A. M. es.etg.smr.carreracamellos.servidor.mvc.utilidades.LogCamellos log
INFO: jugador 4 avanza 10 puntos. Total acumulado: 20
may 29, 2025 11:16:02 A. M. es.etg.smr.carreracamellos.servidor.mvc.utilidades.LogCamellos log
INFO: peptit avanza 5 puntos. Total acumulado: 20
may 29, 2025 11:16:02 A. M. es.etg.smr.carreracamellos.servidor.mvc.utilidades.LogCamellos log
INFO: jugador 4 avanza 7 puntos. Total acumulado: 27
may 29, 2025 11:16:02 A. M. es.etg.smr.carreracamellos.servidor.mvc.utilidades.LogCamellos log
INFO: peptit avanza 3 puntos. Total acumulado: 23
may 29, 2025 11:16:03 A. M. es.etg.smr.carreracamellos.servidor.mvc.utilidades.LogCamellos log
INFO: jugador 4 avanza 1 puntos. Total acumulado: 28
may 29, 2025 11:16:03 A. M. es.etg.smr.carreracamellos.servidor.mvc.utilidades.LogCamellos log
INFO: peptit avanza 7 puntos. Total acumulado: 30
may 29, 2025 11:16:03 A. M. es.etg.smr.carreracamellos.servidor.mvc.utilidades.LogCamellos log
INFO: jugador 4 avanza 5 puntos. Total acumulado: 33
may 29, 2025 11:16:04 A. M. es.etg.smr.carreracamellos.servidor.mvc.utilidades.LogCamellos log
INFO: peptit avanza 8 puntos. Total acumulado: 38
may 29, 2025 11:16:04 A. M. es.etg.smr.carreracamellos.servidor.mvc.utilidades.LogCamellos log
INFO: jugador 4 avanza 1 puntos. Total acumulado: 34
may 29, 2025 11:16:04 A. M. es.etg.smr.carreracamellos.servidor.mvc.utilidades.LogCamellos log
INFO: peptit avanza 10 puntos. Total acumulado: 48
may 29, 2025 11:16:05 A. M. es.etg.smr.carreracamellos.servidor.mvc.utilidades.LogCamellos log
INFO: jugador 4 avanza 2 puntos. Total acumulado: 36
may 29, 2025 11:16:05 A. M. es.etg.smr.carreracamellos.servidor.mvc.utilidades.LogCamellos log
INFO: peptit avanza 4 puntos. Total acumulado: 52
may 29, 2025 11:16:05 A. M. es.etg.smr.carreracamellos.servidor.mvc.utilidades.LogCamellos log
INFO: jugador 4 avanza 4 puntos. Total acumulado: 40
may 29, 2025 11:16:05 A. M. es.etg.smr.carreracamellos.servidor.mvc.utilidades.LogCamellos log
INFO: peptit avanza 5 puntos. Total acumulado: 57
may 29, 2025 11:16:06 A. M. es.etg.smr.carreracamellos.servidor.mvc.utilidades.LogCamellos log
INFO: jugador 4 avanza 5 puntos. Total acumulado: 45
may 29, 2025 11:16:06 A. M. es.etg.smr.carreracamellos.servidor.mvc.utilidades.LogCamellos log
INFO: peptit avanza 5 puntos. Total acumulado: 62
may 29, 2025 11:16:06 A. M. es.etg.smr.carreracamellos.servidor.mvc.utilidades.LogCamellos log
INFO: jugador 4 avanza 5 puntos. Total acumulado: 50
may 29, 2025 11:16:07 A. M. es.etg.smr.carreracamellos.servidor.mvc.utilidades.LogCamellos log
INFO: peptit avanza 1 puntos. Total acumulado: 63
may 29, 2025 11:16:07 A. M. es.etg.smr.carreracamellos.servidor.mvc.utilidades.LogCamellos log
INFO: jugador 4 avanza 6 puntos. Total acumulado: 56
may 29, 2025 11:16:07 A. M. es.etg.smr.carreracamellos.servidor.mvc.utilidades.LogCamellos log
INFO: peptit avanza 1 puntos. Total acumulado: 64
may 29, 2025 11:16:08 A. M. es.etg.smr.carreracamellos.servidor.mvc.utilidades.LogCamellos log
INFO: jugador 4 avanza 1 puntos. Total acumulado: 57
may 29, 2025 11:16:08 A. M. es.etg.smr.carreracamellos.servidor.mvc.utilidades.LogCamellos log
INFO: peptit avanza 10 puntos. Total acumulado: 74
may 29, 2025 11:16:08 A. M. es.etg.smr.carreracamellos.servidor.mvc.utilidades.LogCamellos log
INFO: jugador 4 avanza 7 puntos. Total acumulado: 64
may 29, 2025 11:16:08 A. M. es.etg.smr.carreracamellos.servidor.mvc.utilidades.LogCamellos log
INFO: peptit avanza 6 puntos. Total acumulado: 80
may 29, 2025 11:16:09 A. M. es.etg.smr.carreracamellos.servidor.mvc.utilidades.LogCamellos log
INFO: jugador 4 avanza 4 puntos. Total acumulado: 68
may 29, 2025 11:16:09 A. M. es.etg.smr.carreracamellos.servidor.mvc.utilidades.LogCamellos log
INFO: peptit avanza 1 puntos. Total acumulado: 81
may 29, 2025 11:16:09 A. M. es.etg.smr.carreracamellos.servidor.mvc.utilidades.LogCamellos log
INFO: jugador 4 avanza 8 puntos. Total acumulado: 76
may 29, 2025 11:16:10 A. M. es.etg.smr.carreracamellos.servidor.mvc.utilidades.LogCamellos log
INFO: peptit avanza 1 puntos. Total acumulado: 82
may 29, 2025 11:16:10 A. M. es.etg.smr.carreracamellos.servidor.mvc.utilidades.LogCamellos log
INFO: jugador 4 avanza 8 puntos. Total acumulado: 84
may 29, 2025 11:16:10 A. M. es.etg.smr.carreracamellos.servidor.mvc.utilidades.LogCamellos log
INFO: peptit avanza 3 puntos. Total acumulado: 85
may 29, 2025 11:16:11 A. M. es.etg.smr.carreracamellos.servidor.mvc.utilidades.LogCamellos log
INFO: jugador 4 avanza 7 puntos. Total acumulado: 91
may 29, 2025 11:16:11 A. M. es.etg.smr.carreracamellos.servidor.mvc.utilidades.LogCamellos log
INFO: peptit avanza 9 puntos. Total acumulado: 94
may 29, 2025 11:16:11 A. M. es.etg.smr.carreracamellos.servidor.mvc.utilidades.LogCamellos log
INFO: jugador 4 avanza 2 puntos. Total acumulado: 93
may 29, 2025 11:16:12 A. M. es.etg.smr.carreracamellos.servidor.mvc.utilidades.LogCamellos log
INFO: peptit avanza 9 puntos. Total acumulado: 103
